Importer Log Report
Project : ATLAS_XP2V5.2016.11.14.PrjPcb

Section : Document - D:\MILOS\Projects\ATLAS_XP2v5\ATLAS_XP2v5_PCB\Atlas_XP2V5_PCB_Altium\ATLAS_XP2V5.2016.11.14.asc

    Section : Import Messages
        Error   : No comment found for component: C1
        Error   : No comment found for component: C10
        Error   : No comment found for component: C11
        Error   : No comment found for component: C12
        Error   : No comment found for component: C13
        Error   : No comment found for component: C14
        Error   : No comment found for component: C15
        Error   : No comment found for component: C16
        Error   : No comment found for component: C17
        Error   : No comment found for component: C18
        Error   : No comment found for component: C19
        Error   : No comment found for component: C2
        Error   : No comment found for component: C20
        Error   : No comment found for component: C21
        Error   : No comment found for component: C22
        Error   : No comment found for component: C23
        Error   : No comment found for component: C24
        Error   : No comment found for component: C25
        Error   : No comment found for component: C26
        Error   : No comment found for component: C27
        Error   : No comment found for component: C28
        Error   : No comment found for component: C29
        Error   : No comment found for component: C30
        Error   : No comment found for component: C31
        Error   : No comment found for component: C32
        Error   : No comment found for component: C33
        Error   : No comment found for component: C34
        Error   : No comment found for component: C35
        Error   : No comment found for component: C36
        Error   : No comment found for component: C37
        Error   : No comment found for component: C38
        Error   : No comment found for component: C39
        Error   : No comment found for component: C40
        Error   : No comment found for component: C41
        Error   : No comment found for component: C42
        Error   : No comment found for component: C43
        Error   : No comment found for component: C44
        Error   : No comment found for component: C45
        Error   : No comment found for component: C46
        Error   : No comment found for component: C47
        Error   : No comment found for component: C48
        Error   : No comment found for component: C49
        Error   : No comment found for component: C50
        Error   : No comment found for component: C6
        Error   : No comment found for component: C7
        Error   : No comment found for component: C9
        Error   : No comment found for component: D1
        Error   : No comment found for component: D2
        Error   : No comment found for component: D3
        Error   : No comment found for component: D4
        Error   : No comment found for component: J10
        Error   : No comment found for component: J11
        Error   : No comment found for component: J13
        Error   : No comment found for component: J15
        Error   : No comment found for component: J16
        Error   : No comment found for component: J17
        Error   : No comment found for component: J18
        Error   : No comment found for component: J2
        Error   : No comment found for component: J3
        Error   : No comment found for component: J4
        Error   : No comment found for component: J5
        Error   : No comment found for component: J6
        Error   : No comment found for component: J7
        Error   : No comment found for component: J8
        Error   : No comment found for component: JP1
        Error   : No comment found for component: JP2
        Error   : No comment found for component: JP4
        Error   : No comment found for component: JP5
        Error   : No comment found for component: JP6
        Warning : WARNING: Cut-out region created from PADS keep-out on layer: Top Solder Mask
        Warning : WARNING: Cut-out region created from PADS keep-out on layer: Top Layer
        Error   : No designator found for component: M1
        Error   : No comment found for component: M1
        Error   : No comment found for component: R1
        Error   : No comment found for component: R12
        Error   : No comment found for component: R13
        Error   : No comment found for component: R14
        Error   : No comment found for component: R15
        Error   : No comment found for component: R16
        Error   : No comment found for component: R17
        Error   : No comment found for component: R18
        Error   : No comment found for component: R19
        Error   : No comment found for component: R2
        Error   : No comment found for component: R20
        Error   : No comment found for component: R21
        Error   : No comment found for component: R22
        Error   : No comment found for component: R23
        Error   : No comment found for component: R24
        Error   : No comment found for component: R25
        Error   : No comment found for component: R26
        Error   : No comment found for component: R27
        Error   : No comment found for component: R28
        Error   : No comment found for component: R29
        Error   : No comment found for component: R3
        Error   : No comment found for component: R30
        Error   : No comment found for component: R31
        Error   : No comment found for component: R32
        Error   : No comment found for component: R4
        Error   : No comment found for component: R5
        Error   : No comment found for component: R6
        Error   : No comment found for component: R7
        Error   : No comment found for component: R9
        Error   : No comment found for component: REG1
        Error   : No comment found for component: S2
        Warning : WARNING: Cut-out region created from PADS keep-out on layer: Top Solder Mask
        Warning : WARNING: Cut-out region created from PADS keep-out on layer: Top Solder Mask
        Error   : No comment found for component: STB1
        Error   : No comment found for component: U1
        Error   : No comment found for component: U10
        Error   : No comment found for component: U11
        Error   : No designator found for component: U13
        Error   : No comment found for component: U13
        Error   : No comment found for component: U14
        Error   : No comment found for component: U15
        Error   : No comment found for component: U2
        Error   : No comment found for component: U8
        Error   : No comment found for component: U9
        Error   : No comment found for component: US1
        Error   : No comment found for component: US2
        Error   : No comment found for component: US3
        Error   : No comment found for component: ZD2
        Error   : No comment found for component: ZD3
    EndSection
EndSection
