Drill Listing
=============
Drill: .02  Tool: 1  Feed: 0  Speed: 0
X 108875  Y 104217
X 116930  Y 104217
X 123792  Y 104217
X 131921  Y 103918
X 139976  Y 103993
X 150045  Y 103993
X 151100  Y 123900
X 154982  Y 108418
X 160039  Y 104068
X 164500  Y 123200
X 164976  Y 108492
X 170033  Y 103993
X 174970  Y 108418
X 179953  Y 103993
X 184890  Y 108418
X 190021  Y 103993
X 194958  Y 108418
X 200015  Y 103993
X 204953  Y 108418
X 210010  Y 103993
X 214947  Y 108418
X 217282  Y 119365
X 217500  Y 126250
X 220004  Y 103993
X 224375  Y 119375
X 224394  Y 126102
X 224941  Y 108418
X 229923  Y 103993
X 231758  Y 128773
X 233125  Y 119375
X 234860  Y 108418
X 239375  Y 128750
X 239992  Y 103993
X 240625  Y 119375
X 244929  Y 108418
X 246250  Y 125625
X 246250  Y 119375
X 249986  Y 103993
X 251875  Y 123125
X 254923  Y 108418
X 259980  Y 103993
X 264917  Y 108418
X 270049  Y 103993
X 274986  Y 108418
X 279968  Y 103993
X 284905  Y 108418
X 289963  Y 103918
X 291301  Y 125782
X 294900  Y 108343
X 297500  Y 123700
X 299882  Y 104068
X 304819  Y 108492
X 305200  Y 119700
X 306100  Y 127300
X 310025  Y 103993
X 313900  Y 121600
X 314962  Y 108418
X 320019  Y 103993
X 324957  Y 108418
X 330014  Y 103993
X 334951  Y 108418
X 339933  Y 103993
X 344870  Y 108418
X 349927  Y 103993
X 354864  Y 108418
X 359996  Y 103993
X 364933  Y 108418
X 369915  Y 104142
X 374853  Y 108567
X 380059  Y 104068
X 384996  Y 108492
X 390053  Y 104068
X 394990  Y 108492
X 400047  Y 104068
X 404984  Y 108492
X 409967  Y 104068
X 414904  Y 108492
X 419961  Y 104068
X 424898  Y 108492
X 430043  Y 103996
X 434980  Y 108420
X 439963  Y 104145
X 444900  Y 108570
X 450106  Y 104070
X 455043  Y 108495
X 460100  Y 104070
X 465037  Y 108495
X 470094  Y 104070
X 475031  Y 108495
X 480014  Y 104070
X 484951  Y 108495
X 490008  Y 104070
X 494945  Y 108495
X 495400  Y 120200
X 500043  Y 103966
X 504700  Y 119400
X 504980  Y 108390
X 509962  Y 104115
X 514300  Y 119500
X 514899  Y 108540
X 520105  Y 104040
X 523000  Y 119400
X 525042  Y 108465
X 530100  Y 104040
X 531800  Y 121200
X 535037  Y 108465
X 540094  Y 104040
X 540500  Y 119400
X 545031  Y 108465
X 548700  Y 119300
X 550013  Y 104040
X 554950  Y 108465
X 557900  Y 120400
X 560007  Y 104040
X 564944  Y 108465
X 565900  Y 119500
X 569996  Y 103966
X 574200  Y 119500
X 574933  Y 108390
X 579916  Y 104115
X 584200  Y 120700
X 584853  Y 108540
X 590059  Y 104040
X 593200  Y 118400
X 594996  Y 108465
X 600053  Y 104040
X 601200  Y 118700
X 604990  Y 108465
X 610047  Y 104040
X 614984  Y 108465
X 618800  Y 114100
X 619967  Y 104040
X 624904  Y 108465
X 627926  Y 113741
X 629961  Y 104040
X 611440  Y 151839
X 606639  Y 146921
X 599731  Y 146101
X 593407  Y 148443
X 588724  Y 152893
X 471875  Y 149375
X 471250  Y 142500
X 465000  Y 140000
X 465000  Y 146250
X 458125  Y 138125
X 456875  Y 145625
X 450625  Y 149375
X 450000  Y 141875
X 399400  Y 144400
X 397200  Y 150400
X 381000  Y 151500
X 381000  Y 145400
X 381000  Y 139100
X 374900  Y 150900
X 374800  Y 144900
X 373000  Y 139200
X 368600  Y 149700
X 368000  Y 143300
X 362600  Y 149600
X 362200  Y 140300
X 314200  Y 130900
X 307600  Y 134400
X 248600  Y 153000
X 244000  Y 148000
X 164900  Y 130600
X 150400  Y 130800
X 143400  Y 144200
X 143300  Y 133100
X 132800  Y 145100
X 125771  Y 142603
X 107015  Y 143247
X 106100  Y 154100
X 106875  Y 176250
X 106875  Y 163125
X 126250  Y 162500
X 126250  Y 176250
X 127600  Y 154400
X 129200  Y 168500
X 138125  Y 177500
X 139375  Y 162500
X 148125  Y 160625
X 149375  Y 169375
X 157500  Y 161250
X 165100  Y 168700
X 165300  Y 176800
X 172500  Y 178125
X 172500  Y 168750
X 188125  Y 169375
X 195400  Y 169000
X 195700  Y 177800
X 202600  Y 160400
X 209800  Y 178200
X 220673  Y 159373
X 240228  Y 154450
X 245555  Y 159324
X 254900  Y 159800
X 256549  Y 171451
X 259200  Y 165400
X 262400  Y 160500
X 268900  Y 158700
X 270100  Y 166100
X 311300  Y 175300
X 344500  Y 176300
X 353900  Y 175800
X 362500  Y 177000
X 367600  Y 155900
X 374100  Y 157000
X 381000  Y 157500
X 399100  Y 156800
X 453750  Y 173125
X 461250  Y 175000
X 468125  Y 172500
X 473125  Y 168125
X 475000  Y 155625
X 475625  Y 162500
X 586148  Y 159099
X 587500  Y 165000
X 591250  Y 170000
X 596803  Y 173033
X 603361  Y 172916
X 609567  Y 170457
X 613782  Y 165071
X 614719  Y 158748
X 676823  Y 195261
X 468750  Y 180000
X 461875  Y 186875
X 455468  Y 190602
X 451875  Y 183125
X 448125  Y 195000
X 443750  Y 188750
X 437500  Y 194375
X 432500  Y 188750
X 426875  Y 194375
X 423100  Y 188100
X 418125  Y 194375
X 417300  Y 185600
X 411900  Y 181600
X 411130  Y 190417
X 405100  Y 187600
X 405000  Y 194375
X 404300  Y 181300
X 397400  Y 193900
X 397300  Y 180600
X 397200  Y 187100
X 380800  Y 187400
X 379375  Y 193750
X 378300  Y 181400
X 373100  Y 188600
X 370200  Y 181600
X 367200  Y 195100
X 364600  Y 187500
X 359200  Y 196075
X 358500  Y 189800
X 358200  Y 183100
X 351800  Y 188700
X 350500  Y 180600
X 350200  Y 195800
X 344200  Y 183900
X 317300  Y 180100
X 306500  Y 180000
X 304201  Y 190672
X 299800  Y 196300
X 299600  Y 202500
X 293320  Y 201552
X 238133  Y 190845
X 228400  Y 182800
X 221875  Y 181250
X 217800  Y 186100
X 208800  Y 185300
X 193100  Y 185300
X 188125  Y 179375
X 146250  Y 240625
X 169375  Y 235625
X 192366  Y 208001
X 194900  Y 245400
X 209800  Y 251000
X 210323  Y 208001
X 213125  Y 246875
X 217923  Y 207906
X 236830  Y 206671
X 259654  Y 209373
X 259970  Y 249459
X 283750  Y 252500
X 292574  Y 209439
X 298800  Y 209300
X 300000  Y 249375
X 305466  Y 206219
X 305625  Y 243125
X 305625  Y 249375
X 311791  Y 237342
X 311875  Y 243125
X 311875  Y 249375
X 318067  Y 231279
X 318095  Y 237156
X 318125  Y 249375
X 318125  Y 243125
X 323750  Y 243125
X 323750  Y 249375
X 323750  Y 236875
X 323767  Y 231095
X 327600  Y 210500
X 365625  Y 227500
X 365625  Y 233125
X 365625  Y 243750
X 365625  Y 249375
X 365625  Y 238750
X 371875  Y 233125
X 371875  Y 227500
X 371875  Y 249375
X 371875  Y 238750
X 371875  Y 243750
X 377500  Y 233125
X 377500  Y 238750
X 377500  Y 243750
X 377500  Y 249375
X 377500  Y 227500
X 383125  Y 229375
X 389552  Y 226493
X 395283  Y 228949
X 402198  Y 226727
X 409140  Y 228949
X 416367  Y 226727
X 423286  Y 228661
X 430184  Y 227079
X 636043  Y 234794
X 636065  Y 229747
X 636217  Y 251866
X 645625  Y 250625
X 647420  Y 246413
X 659419  Y 242835
X 671487  Y 209141
X 648125  Y 256875
X 646168  Y 261608
X 636234  Y 256913
X 433980  Y 272567
X 416615  Y 268650
X 416523  Y 274718
X 398905  Y 268749
X 398813  Y 273898
X 382003  Y 271532
X 376910  Y 269125
X 373865  Y 265085
X 372039  Y 254191
X 365608  Y 254232
X 323750  Y 261875
X 323750  Y 255625
X 318125  Y 261875
X 318125  Y 255625
X 318125  Y 267500
X 311875  Y 255625
X 311875  Y 267500
X 311875  Y 261875
X 305625  Y 261875
X 305625  Y 255625
X 305625  Y 267500
X 300086  Y 267557
X 300000  Y 255625
X 300000  Y 261875
X 277305  Y 272194
X 230500  Y 256000
X 208125  Y 275625
X 150625  Y 272500
X 150049  Y 303647
X 150625  Y 282500
X 150724  Y 324085
X 151250  Y 313750
X 158376  Y 323695
X 175700  Y 280000
X 181274  Y 301508
X 190336  Y 317917
X 195008  Y 317858
X 205000  Y 313750
X 217407  Y 296876
X 222500  Y 303125
X 241233  Y 325568
X 263125  Y 297500
X 271397  Y 307463
X 343125  Y 325625
X 345000  Y 320000
X 366230  Y 301224
X 382465  Y 308175
X 386250  Y 293125
X 389653  Y 279904
X 392049  Y 292970
X 399375  Y 293750
X 399944  Y 299433
X 407972  Y 279683
X 425809  Y 279775
X 655103  Y 308748
X 659131  Y 298978
X 667331  Y 329442
X 665452  Y 347392
X 643491  Y 345112
X 643343  Y 339803
X 639592  Y 349806
X 613358  Y 349304
X 612281  Y 344755
X 609528  Y 341044
X 605697  Y 338231
X 600804  Y 337497
X 596120  Y 338171
X 592080  Y 340864
X 589566  Y 344156
X 588339  Y 353135
X 588099  Y 348526
X 474876  Y 339419
X 474048  Y 349256
X 473037  Y 344291
X 471346  Y 333851
X 470554  Y 340246
X 467021  Y 336908
X 465604  Y 331688
X 461427  Y 335864
X 459712  Y 331464
X 455759  Y 336834
X 454118  Y 332135
X 451250  Y 340625
X 450511  Y 336109
X 447107  Y 345485
X 446742  Y 340522
X 446510  Y 350483
X 385000  Y 329375
X 385000  Y 334375
X 380163  Y 353908
X 380000  Y 329375
X 380000  Y 334375
X 364456  Y 352367
X 336875  Y 340625
X 272286  Y 351601
X 262316  Y 336000
X 185012  Y 361595
X 271732  Y 357310
X 341875  Y 370625
X 342500  Y 376250
X 347561  Y 378282
X 347656  Y 368781
X 347799  Y 373579
X 352692  Y 373626
X 352692  Y 364458
X 352692  Y 369161
X 352739  Y 378234
X 357442  Y 378234
X 357490  Y 373674
X 357518  Y 364389
X 357615  Y 369126
X 361987  Y 373707
X 362048  Y 369168
X 362126  Y 378403
X 362203  Y 364350
X 375625  Y 354375
X 395625  Y 377500
X 395625  Y 371875
X 395625  Y 366250
X 400625  Y 369375
X 400625  Y 363750
X 400625  Y 375625
X 404972  Y 372404
X 404972  Y 377998
X 405270  Y 366586
X 409745  Y 375089
X 409894  Y 369122
X 410267  Y 363006
X 414518  Y 378594
X 414518  Y 372702
X 414667  Y 366213
X 418770  Y 375760
X 418770  Y 369943
X 447480  Y 355330
X 450879  Y 359462
X 471566  Y 358542
X 471939  Y 372321
X 473588  Y 354497
X 479012  Y 376219
X 558171  Y 373752
X 560000  Y 367500
X 569375  Y 368750
X 590015  Y 357624
X 593546  Y 360736
X 597976  Y 362592
X 602465  Y 362771
X 606655  Y 361754
X 610066  Y 358641
X 612640  Y 354691
X 721282  Y 411055
X 721250  Y 416875
X 721250  Y 422500
X 721250  Y 428750
X 721193  Y 405643
X 715692  Y 414012
X 715625  Y 419375
X 715625  Y 425000
X 715545  Y 408453
X 671875  Y 408125
X 666875  Y 408125
X 642500  Y 408750
X 637753  Y 411936
X 633125  Y 408750
X 632503  Y 420465
X 609375  Y 408125
X 604375  Y 408125
X 598125  Y 395625
X 591734  Y 398892
X 587473  Y 402395
X 587283  Y 407210
X 577085  Y 408042
X 572354  Y 411687
X 572040  Y 399541
X 567094  Y 411914
X 533125  Y 408125
X 528053  Y 408071
X 509001  Y 399628
X 504172  Y 399627
X 479156  Y 382570
X 418919  Y 381727
X 414518  Y 384262
X 409894  Y 381130
X 404934  Y 383539
X 400625  Y 380625
X 395625  Y 383125
X 361875  Y 388750
X 357537  Y 383317
X 352454  Y 383365
X 347704  Y 383317
X 265429  Y 380898
X 191072  Y 428328
X 148750  Y 471875
X 496004  Y 458385
X 502209  Y 462456
X 506238  Y 453309
X 506429  Y 468915
X 605803  Y 478604
X 656250  Y 465625
X 656250  Y 471250
X 661875  Y 471250
X 661875  Y 465625
X 667500  Y 471250
X 667500  Y 465625
X 673819  Y 465473
X 673819  Y 471084
X 680341  Y 465473
X 680625  Y 471875
X 686768  Y 465473
X 686875  Y 471875
X 691250  Y 459375
X 692500  Y 471875
X 693203  Y 465735
X 698125  Y 459375
X 699375  Y 465000
X 705000  Y 459375
X 715625  Y 430625
X 715625  Y 436875
X 716250  Y 450000
X 716250  Y 443750
X 721250  Y 446875
X 721250  Y 440625
X 721250  Y 434375
X 718155  Y 494050
X 717917  Y 500587
X 712450  Y 494288
X 711737  Y 500824
X 685200  Y 489700
X 678000  Y 489700
X 670400  Y 489900
X 669500  Y 498100
X 666400  Y 493100
X 666100  Y 502600
X 659186  Y 498418
X 658600  Y 493400
X 653352  Y 498418
X 652700  Y 493500
X 647700  Y 500900
X 647100  Y 496100
X 641732  Y 498563
X 641400  Y 493400
X 599849  Y 479022
X 599744  Y 484559
X 593627  Y 498124
X 589942  Y 489624
X 585541  Y 485522
X 549999  Y 484979
X 546057  Y 488450
X 542041  Y 484555
X 538220  Y 488481
X 534658  Y 484616
X 531109  Y 488511
X 527124  Y 484616
X 523498  Y 488420
X 519256  Y 484586
X 515375  Y 488467
X 511057  Y 484525
X 480000  Y 481250
X 391635  Y 484864
X 386300  Y 485100
X 376800  Y 497450
X 376800  Y 491200
X 373125  Y 501225
X 641500  Y 524700
X 641678  Y 504301
X 642200  Y 510100
X 642275  Y 515900
X 646600  Y 524600
X 647800  Y 506600
X 647900  Y 512600
X 648600  Y 518200
X 653200  Y 510300
X 653303  Y 504156
X 653525  Y 515900
X 654150  Y 522150
X 658600  Y 510200
X 658944  Y 504252
X 659150  Y 515900
X 659775  Y 522150
X 665842  Y 509573
X 669097  Y 513661
X 669100  Y 519600
X 670065  Y 506757
X 674607  Y 508725
X 680663  Y 508649
X 682400  Y 523900
X 698750  Y 528750
X 704375  Y 528750
X 706000  Y 506500
X 710000  Y 528750
X 712100  Y 506500
X 713125  Y 512500
X 713125  Y 518125
X 713125  Y 523750
X 715625  Y 528750
X 718000  Y 506500
X 718750  Y 518125
X 718750  Y 523750
X 718750  Y 512500
X 715625  Y 534375
X 710000  Y 534375
X 704375  Y 534375
X 698750  Y 534375
X 697500  Y 552074
X 697500  Y 562074
X 697500  Y 572074
X 687500  Y 552074
X 687500  Y 572074
X 687500  Y 562074
X 677500  Y 572074
X 677500  Y 562074
X 677500  Y 552074
X 667500  Y 572074
X 667500  Y 552074
X 667500  Y 562074
X 648735  Y 547649
X 647884  Y 542086
X 642376  Y 547346
X 642298  Y 541968
X 570000  Y 555625
X 558197  Y 554482
X 557501  Y 568236
X 555424  Y 563273
X 509851  Y 576127
X 421556  Y 573720
X 403125  Y 559375
X 391974  Y 571722
X 382515  Y 570894
X 377759  Y 573404
X 373148  Y 570448
X 369160  Y 574763
X 359314  Y 570330
X 349914  Y 570211
X 341224  Y 570448
X 273900  Y 566100
X 391250  Y 619375
X 394375  Y 610625
X 417500  Y 606250
X 422179  Y 614219
X 427543  Y 619276
X 428750  Y 612500
X 433200  Y 620500
X 438463  Y 620895
X 440383  Y 626167
X 511389  Y 618807
X 511509  Y 600967
X 512325  Y 627632
X 517073  Y 600915
X 522253  Y 582259
X 526763  Y 600855
X 533100  Y 607900
X 533200  Y 616900
X 533700  Y 626000
X 540054  Y 582257
X 551332  Y 600910
X 557738  Y 582272
X 563394  Y 600088
X 575411  Y 582351
X 588100  Y 596900
X 593175  Y 582450
X 594000  Y 628200
X 594200  Y 619200
X 597122  Y 610164
X 597580  Y 600711
X 604375  Y 590000
X 610905  Y 582845
X 615747  Y 625143
X 616742  Y 620524
X 616926  Y 605009
X 632978  Y 617856
X 635227  Y 587925
X 635794  Y 621759
X 639374  Y 618455
X 645776  Y 617216
X 649050  Y 621324
X 653955  Y 618946
X 655621  Y 607427
X 657307  Y 615187
X 659916  Y 610724
X 666344  Y 616786
X 667500  Y 582074
X 677450  Y 608676
X 677500  Y 582074
X 687500  Y 621875
X 687500  Y 582074
X 696875  Y 625625
X 697500  Y 582074
X 715800  Y 612300
X 700500  Y 642500
X 691500  Y 642500
X 687720  Y 629387
X 681324  Y 629430
X 675053  Y 633170
X 671393  Y 629253
X 666782  Y 641840
X 664019  Y 630666
X 653035  Y 647711
X 648866  Y 649549
X 645600  Y 645500
X 639423  Y 652746
X 634584  Y 652279
X 617199  Y 650059
X 617157  Y 631175
X 616875  Y 640625
X 616588  Y 645475
X 595851  Y 646211
X 595677  Y 637140
X 534100  Y 635000
X 533629  Y 653206
X 533600  Y 644164
X 512262  Y 643877
X 512142  Y 638444
X 511876  Y 632597
X 511548  Y 652176
X 456400  Y 629200
X 446250  Y 633750
X 441676  Y 637283
X 440994  Y 632164
X 424237  Y 651351
X 419053  Y 651453
X 307810  Y 646267
X 298529  Y 635721
X 293980  Y 630500
X 333100  Y 654000
X 390625  Y 656250
X 413694  Y 661483
X 445746  Y 658629
X 448033  Y 666095
X 450198  Y 655524
X 456250  Y 655625
X 456560  Y 661802
X 456904  Y 666318
X 479934  Y 671589
X 480925  Y 677461
X 485645  Y 671866
X 491317  Y 667477
X 491440  Y 672294
X 494106  Y 661531
X 497100  Y 657600
X 498377  Y 665647
X 511505  Y 669999
X 531793  Y 663741
X 531831  Y 672863
X 539673  Y 667183
X 548684  Y 667093
X 567716  Y 667790
X 576772  Y 667834
X 595400  Y 664300
X 595430  Y 655297
X 605187  Y 673091
X 616165  Y 672999
X 617821  Y 665949
X 641424  Y 666827
X 641780  Y 662370
X 641810  Y 671483
X 656247  Y 655778
X 663125  Y 669325
X 674439  Y 727339
X 673121  Y 691614
X 668117  Y 691619
X 616051  Y 701001
X 611250  Y 703125
X 611144  Y 709309
X 610910  Y 688603
X 606363  Y 714089
X 604930  Y 704069
X 602143  Y 712603
X 597500  Y 722500
X 596916  Y 717830
X 593045  Y 688369
X 590942  Y 721789
X 590352  Y 717192
X 575828  Y 688743
X 562133  Y 709097
X 559375  Y 705000
X 559323  Y 714035
X 557805  Y 688638
X 540000  Y 688125
X 524989  Y 727482
X 522230  Y 688711
X 508485  Y 696373
X 505457  Y 692244
X 494003  Y 685019
X 492705  Y 698769
X 487102  Y 699014
X 478732  Y 728151
X 476250  Y 680625
X 472786  Y 721790
X 470625  Y 689375
X 456840  Y 686153
X 448144  Y 686213
X 400800  Y 717700
X 394375  Y 682500
X 392000  Y 709800
X 391925  Y 726300
X 381773  Y 694478
X 373077  Y 711022
X 370498  Y 702273
X 369700  Y 706900
X 337814  Y 681021
X 375372  Y 740695
X 377693  Y 749401
X 378610  Y 744727
X 389625  Y 731200
X 398500  Y 756400
X 470382  Y 749968
X 479424  Y 737465
X 484743  Y 737973
X 489724  Y 742864
X 490086  Y 737200
X 498191  Y 778282
X 514675  Y 738964
X 518958  Y 761778
X 525098  Y 736879
X 528200  Y 761900
X 607600  Y 747500
X 614012  Y 738250
X 616283  Y 772817
X 629375  Y 736250
X 645600  Y 778200
X 651250  Y 766875
X 653200  Y 757200
X 656250  Y 746450
X 674375  Y 737500
X 674375  Y 747500
X 674375  Y 777500
X 674375  Y 767500
X 674375  Y 757500
X 674375  Y 787500
X 674375  Y 797500
X 669243  Y 828384
X 666250  Y 781250
X 664274  Y 828384
X 645625  Y 828750
X 640625  Y 828750
X 587600  Y 787500
X 573750  Y 806250
X 571250  Y 811250
X 571250  Y 801250
X 566200  Y 814000
X 561332  Y 822760
X 560967  Y 816005
X 531129  Y 786255
X 514818  Y 779101
X 505802  Y 785308
X 497196  Y 824935
X 475261  Y 813708
X 418119  Y 819070
X 501700  Y 880600
X 511900  Y 885600
X 569791  Y 841233
X 571400  Y 831100
X 618642  Y 870074
X 638800  Y 873900
X 638800  Y 842400
X 638888  Y 866071
X 638900  Y 858100
X 638960  Y 889591
X 639219  Y 881825
X 639302  Y 850235
X 655471  Y 877974
X 663700  Y 898500
X 668880  Y 894338
X 672725  Y 857900
X 672788  Y 903265
X 673100  Y 865800
X 673700  Y 889700
X 672941  Y 915714
X 649810  Y 915669
X 561250  Y 962500
X 551656  Y 953156
X 515900  Y 962800
X 513839  Y 952524
X 119826  Y 971376
X 119458  Y 964206
X 118960  Y 978816
X 116149  Y 958691
X 110450  Y 954095
X 104199  Y 954279
X 98316  Y 956669
X 109768  Y 1012275
X 111305  Y 981528
X 117306  Y 1012091
X 125395  Y 1012275
X 126314  Y 979183
X 132197  Y 1006024
X 132564  Y 983412
X 132748  Y 991685
X 132932  Y 998670
X 494500  Y 992200
X 506246  Y 985187
X 515800  Y 983900
X 540000  Y 990625

Drill: .028  Tool: 2  Feed: 0  Speed: 0
X 605184  Y 934339
X 673925  Y 947950

Drill: .034  Tool: 3  Feed: 0  Speed: 0
X 687850  Y 151850
X 687850  Y 141850
X 687850  Y 171850
X 687850  Y 161850
X 697850  Y 171850
X 697850  Y 161850
X 697850  Y 151850
X 697850  Y 141850
X 707850  Y 151850
X 707850  Y 141850
X 707850  Y 171850
X 707850  Y 161850
X 707850  Y 201850
X 707850  Y 191850
X 707850  Y 181850
X 707850  Y 221850
X 707850  Y 211850
X 697850  Y 181850
X 697850  Y 201850
X 697850  Y 191850
X 697850  Y 221850
X 697850  Y 211850
X 687850  Y 191850
X 687850  Y 181850
X 687850  Y 201850
X 687850  Y 221850
X 687850  Y 211850
X 687850  Y 251850
X 687850  Y 241850
X 687850  Y 231850
X 687850  Y 271850
X 687850  Y 261850
X 697850  Y 251850
X 697850  Y 241850
X 697850  Y 231850
X 697850  Y 271850
X 697850  Y 261850
X 707850  Y 251850
X 707850  Y 241850
X 707850  Y 231850
X 707850  Y 271850
X 707850  Y 261850
X 707850  Y 301850
X 707850  Y 291850
X 707850  Y 281850
X 707850  Y 311850
X 707850  Y 321850
X 697850  Y 281850
X 697850  Y 301850
X 697850  Y 321850
X 697850  Y 311850
X 697850  Y 291850
X 687850  Y 291850
X 687850  Y 281850
X 687850  Y 321850
X 687850  Y 311850
X 687850  Y 301850
X 225625  Y 341875
X 225625  Y 351875
X 225625  Y 361875
X 225625  Y 371875
X 235625  Y 341875
X 235625  Y 351875
X 235625  Y 361875
X 235625  Y 371875
X 248125  Y 341875
X 248125  Y 351875
X 248125  Y 361875
X 248125  Y 371875
X 258125  Y 341875
X 258125  Y 361875
X 258125  Y 371875
X 258125  Y 351875
X 687850  Y 351850
X 687850  Y 371850
X 687850  Y 361850
X 687850  Y 341850
X 687850  Y 331850
X 697850  Y 341850
X 697850  Y 351850
X 697850  Y 331850
X 697850  Y 371850
X 697850  Y 361850
X 707850  Y 361850
X 707850  Y 331850
X 707850  Y 341850
X 707850  Y 351850
X 707850  Y 371850
X 707850  Y 391850
X 707850  Y 381850
X 707850  Y 401850
X 707850  Y 411850
X 707850  Y 421850
X 697850  Y 391850
X 697850  Y 381850
X 697850  Y 421850
X 697850  Y 411850
X 697850  Y 401850
X 687850  Y 381850
X 687850  Y 421850
X 687850  Y 411850
X 687850  Y 401850
X 687850  Y 391850
X 258125  Y 381875
X 258125  Y 391875
X 248125  Y 381875
X 248125  Y 391875
X 235625  Y 391875
X 235625  Y 381875
X 225625  Y 391875
X 225625  Y 381875
X 687850  Y 431850
X 687850  Y 451850
X 687850  Y 441850
X 697850  Y 451850
X 697850  Y 441850
X 697850  Y 431850
X 707850  Y 431850
X 707850  Y 451850
X 707850  Y 441850
X 707850  Y 676850
X 707850  Y 666850
X 697850  Y 676850
X 697850  Y 666850
X 687850  Y 676850
X 687850  Y 666850
X 687850  Y 696850
X 687850  Y 686850
X 687850  Y 726850
X 687850  Y 716850
X 687850  Y 706850
X 697850  Y 726850
X 697850  Y 716850
X 697850  Y 706850
X 697850  Y 696850
X 697850  Y 686850
X 707850  Y 716850
X 707850  Y 706850
X 707850  Y 686850
X 707850  Y 726850
X 707850  Y 696850
X 707850  Y 736850
X 707850  Y 746850
X 707850  Y 776850
X 707850  Y 766850
X 707850  Y 756850
X 697850  Y 736850
X 697850  Y 776850
X 697850  Y 766850
X 697850  Y 746850
X 697850  Y 756850
X 687850  Y 776850
X 687850  Y 766850
X 687850  Y 756850
X 687850  Y 746850
X 687850  Y 736850
X 596875  Y 752500
X 596875  Y 762500
X 596875  Y 772500
X 596875  Y 742500
X 536875  Y 742500
X 536875  Y 762500
X 536875  Y 772500
X 536875  Y 752500
X 536875  Y 802500
X 536875  Y 792500
X 536875  Y 782500
X 536875  Y 822500
X 536875  Y 812500
X 596875  Y 792500
X 596875  Y 802500
X 596875  Y 812500
X 596875  Y 822500
X 596875  Y 782500
X 687850  Y 816850
X 687850  Y 806850
X 687850  Y 796850
X 687850  Y 786850
X 687850  Y 826850
X 697850  Y 806850
X 697850  Y 786850
X 697850  Y 796850
X 697850  Y 826850
X 697850  Y 816850
X 707850  Y 796850
X 707850  Y 826850
X 707850  Y 816850
X 707850  Y 806850
X 707850  Y 786850
X 707850  Y 846850
X 707850  Y 836850
X 707850  Y 876850
X 707850  Y 866850
X 707850  Y 856850
X 697850  Y 846850
X 697850  Y 836850
X 697850  Y 876850
X 697850  Y 866850
X 697850  Y 856850
X 687850  Y 866850
X 687850  Y 856850
X 687850  Y 846850
X 687850  Y 836850
X 687850  Y 876850
X 596875  Y 832500
X 596875  Y 842500
X 596875  Y 862500
X 596875  Y 872500
X 596875  Y 852500
X 536875  Y 852500
X 536875  Y 842500
X 536875  Y 832500
X 536875  Y 872500
X 536875  Y 862500
X 536875  Y 902500
X 536875  Y 892500
X 536875  Y 882500
X 536875  Y 912500
X 596875  Y 892500
X 596875  Y 902500
X 596875  Y 882500
X 596875  Y 912500
X 687850  Y 896850
X 687850  Y 886850
X 687850  Y 906850
X 687850  Y 916850
X 687850  Y 926850
X 697850  Y 886850
X 697850  Y 896850
X 697850  Y 926850
X 697850  Y 916850
X 697850  Y 906850
X 707850  Y 896850
X 707850  Y 926850
X 707850  Y 916850
X 707850  Y 906850
X 707850  Y 886850
X 707850  Y 946850
X 707850  Y 936850
X 707850  Y 976850
X 707850  Y 966850
X 707850  Y 956850
X 697850  Y 936850
X 697850  Y 956850
X 697850  Y 946850
X 697850  Y 966850
X 697850  Y 976850
X 687850  Y 976850
X 687850  Y 966850
X 687850  Y 936850
X 687850  Y 956850
X 687850  Y 946850

Drill: .035  Tool: 4  Feed: 0  Speed: 0
X 237598  Y 270397
X 237598  Y 260397
X 267598  Y 260397
X 267598  Y 270397
X 267598  Y 280397
X 267598  Y 290397
X 237598  Y 290397
X 237598  Y 280397

Drill: .03543  Tool: 5  Feed: 0  Speed: 0
X 146250  Y 375000
X 146250  Y 365000
X 146250  Y 355000
X 156250  Y 350000
X 156250  Y 360000
X 156250  Y 370000
X 156250  Y 380000
X 146250  Y 385000

Drill: .038  Tool: 6  Feed: 0  Speed: 0
X 107700  Y 253125
X 107700  Y 263125
X 107700  Y 273125
X 117700  Y 273125
X 117700  Y 253125
X 117700  Y 263125
X 162500  Y 264375
X 162500  Y 254375
X 117700  Y 283125
X 117700  Y 293125
X 117700  Y 303125
X 117700  Y 313125
X 117700  Y 323125
X 107700  Y 293125
X 107700  Y 313125
X 107700  Y 323125
X 107700  Y 303125
X 107700  Y 283125
X 199365  Y 366574
X 199365  Y 356574
X 199482  Y 393038
X 199482  Y 383038
X 209365  Y 366574
X 209365  Y 356574
X 209482  Y 393038
X 209482  Y 383038
X 295805  Y 370775
X 295805  Y 380775
X 396250  Y 450000
X 396250  Y 440000
X 386250  Y 450000
X 386250  Y 440000
X 376250  Y 450000
X 376250  Y 440000
X 366250  Y 450000
X 366250  Y 440000
X 356250  Y 450000
X 356250  Y 440000
X 346250  Y 450000
X 346250  Y 440000
X 336250  Y 450000
X 336250  Y 440000
X 326250  Y 450000
X 326250  Y 440000
X 316250  Y 450000
X 316250  Y 440000
X 306250  Y 450000
X 306250  Y 440000
X 296250  Y 450000
X 296250  Y 440000
X 286250  Y 450000
X 286250  Y 440000
X 276250  Y 450000
X 276250  Y 440000
X 266250  Y 450000
X 266250  Y 440000
X 256250  Y 450000
X 256250  Y 440000
X 246250  Y 450000
X 246250  Y 440000
X 236250  Y 450000
X 236250  Y 440000
X 226250  Y 450000
X 226250  Y 440000
X 216250  Y 450000
X 216250  Y 440000
X 206250  Y 450000
X 206250  Y 440000
X 166250  Y 460000
X 166250  Y 470000
X 176250  Y 460000
X 176250  Y 470000
X 186250  Y 460000
X 186250  Y 470000
X 196250  Y 460000
X 196250  Y 470000
X 206250  Y 460000
X 206250  Y 470000
X 216250  Y 460000
X 216250  Y 470000
X 226250  Y 460000
X 226250  Y 470000
X 236250  Y 460000
X 236250  Y 470000
X 246250  Y 460000
X 246250  Y 470000
X 256250  Y 460000
X 256250  Y 470000
X 266250  Y 460000
X 266250  Y 470000
X 276250  Y 460000
X 276250  Y 470000
X 286250  Y 460000
X 286250  Y 470000
X 296250  Y 460000
X 296250  Y 470000
X 306250  Y 460000
X 306250  Y 470000
X 316250  Y 460000
X 316250  Y 470000
X 326250  Y 460000
X 326250  Y 470000
X 336250  Y 460000
X 336250  Y 470000
X 346250  Y 460000
X 346250  Y 470000
X 356250  Y 460000
X 356250  Y 470000
X 366250  Y 460000
X 366250  Y 470000
X 376250  Y 460000
X 376250  Y 470000
X 386250  Y 460000
X 386250  Y 470000
X 396250  Y 460000
X 396250  Y 470000
X 406250  Y 460000
X 406250  Y 470000
X 416250  Y 460000
X 416250  Y 470000
X 426250  Y 460000
X 426250  Y 470000
X 436250  Y 460000
X 436250  Y 470000
X 446250  Y 470000
X 446250  Y 460000
X 456250  Y 470000
X 456250  Y 460000
X 466250  Y 460000
X 466250  Y 470000
X 476250  Y 470000
X 476250  Y 460000
X 676875  Y 650625
X 676875  Y 660625
X 666875  Y 650625
X 666875  Y 660625
X 515000  Y 893750
X 515000  Y 903750
X 570000  Y 976875
X 580000  Y 976875
X 590000  Y 976875
X 600000  Y 976875
X 660625  Y 985625
X 650625  Y 985625

Drill: .04  Tool: 7  Feed: 0  Speed: 0
X 655896  Y 846361
X 655896  Y 885761

Drill: .04331  Tool: 8  Feed: 0  Speed: 0
X 137500  Y 139251
X 157500  Y 128671
X 157500  Y 120206
X 180000  Y 120206
X 180000  Y 128671
X 202500  Y 128046
X 202500  Y 119581
X 373956  Y 127100
X 382421  Y 127100
X 422578  Y 127100
X 431043  Y 127100
X 447056  Y 127700
X 455521  Y 127700
X 495678  Y 127700
X 504143  Y 127700
X 648615  Y 128118
X 648615  Y 136582
X 648615  Y 176740
X 648615  Y 185204
X 202500  Y 176668
X 202500  Y 168203
X 180000  Y 177293
X 180000  Y 168828
X 157500  Y 177293
X 157500  Y 168828
X 137500  Y 170748
X 416250  Y 297637
X 416250  Y 289173
X 416250  Y 346259
X 416250  Y 337795

Drill: .052  Tool: 9  Feed: 0  Speed: 0
X 121000  Y 225625
X 133125  Y 196875
X 141000  Y 225625
X 151000  Y 225625
X 153125  Y 196875
X 161000  Y 225625
X 163125  Y 196875
X 173125  Y 196875

Drill: .06  Tool: 10  Feed: 0  Speed: 0
X 116875  Y 149375
X 116875  Y 169375

Drill: .1  Tool: 11  Feed: 0  Speed: 0
X 201645  Y 197875
X 226645  Y 197875
X 437598  Y 172322
X 460709  Y 160000
X 500709  Y 160000
X 560709  Y 160000
X 600709  Y 160000
X 623819  Y 188070
X 623819  Y 321929
X 600709  Y 350000
X 560709  Y 350000
X 530709  Y 350000
X 500709  Y 350000
X 460709  Y 350000
X 437598  Y 321929
X 125525  Y 574375
X 125525  Y 651250
X 125525  Y 754375
X 125525  Y 892500

Drill: .116  Tool: 12  Feed: 0  Speed: 0
X 717850  Y 121850
X 717850  Y 471850
X 717850  Y 646850
X 717850  Y 996850

Drill: .12  Tool: 13  Feed: 0  Speed: 0
X 114055  Y 121850
X 114055  Y 996850

Drill: .128  Tool: 14  Feed: 0  Speed: 0
X 121250  Y 345000
X 121250  Y 390000

Drill: .16  Tool: 15  Feed: 0  Speed: 0
X 106289  Y 440000
X 166250  Y 440000
X 481250  Y 440078
X 466250  Y 777500
X 176250  Y 777500
X 106289  Y 968188
X 481053  Y 968188

End of Listing
