Vivado Simulator v2023.2.2
Copyright 1986-2022 Xilinx, Inc. All Rights Reserved.
Copyright 2022-2023 Advanced Micro Devices, Inc. All Rights Reserved.
Running: C:/Xilinx/Vivado/2023.2/bin/unwrapped/win64.o/xelab.exe --incr --debug typical --relax --mt 2 -L xil_defaultlib -L secureip --snapshot dpram_interface_single_tb_behav xil_defaultlib.dpram_interface_single_tb -log elaborate.log 
Using 2 slave threads.
Starting static elaboration
Completed static elaboration
Starting simulation data flow analysis
Completed simulation data flow analysis
Time Resolution for simulation is 1ps
Compiling package std.standard
Compiling package std.textio
Compiling package ieee.std_logic_1164
Compiling package ieee.numeric_std
Compiling architecture behavioral of entity xil_defaultlib.address_latch [address_latch_default]
Compiling architecture behavioral of entity xil_defaultlib.address_decoder [\address_decoder(c_base_addr="00...]
Compiling architecture behavioral of entity xil_defaultlib.control_signal_generator [control_signal_generator_default]
Compiling architecture behavioral of entity xil_defaultlib.dpram_interface_single [\dpram_interface_single(c_base_a...]
Compiling architecture bench of entity xil_defaultlib.dpram_interface_single_tb
Built simulation snapshot dpram_interface_single_tb_behav
