Running: C:\Xilinx\14.7\ISE_DS\ISE\bin\nt64\unwrapped\fuse.exe -intstyle ise -incremental -lib simprims_ver -lib uni9000_ver -lib aim_ver -lib cpld_ver -lib xilinxcorelib_ver -o D:/MILOS/Projects/ATLAS_XP2v5/ATLAS_XP2v5_VHDL/ATLAS_XP2V3v1.2/test1_isim_fit.exe -prj D:/MILOS/Projects/ATLAS_XP2v5/ATLAS_XP2v5_VHDL/ATLAS_XP2V3v1.2/test1_fit.prj work.test1 work.glbl 
ISim P.20131013 (signature 0x7708f090)
Number of CPUs detected in this system: 2
Turning on mult-threading, number of parallel sub-compilation jobs: 4 
Determining compilation order of HDL files
Analyzing Verilog file "D:/MILOS/Projects/ATLAS_XP2v5/ATLAS_XP2v5_VHDL/ATLAS_XP2V3v1.2/netgen/fit/fsm_xp_top_timesim.v" into library work
Parsing VHDL file "D:/MILOS/Projects/ATLAS_XP2v5/ATLAS_XP2v5_VHDL/ATLAS_XP2V3v1.2/test1.vhd" into library work
Starting static elaboration
Completed static elaboration
Compiling module glbl
Compiling module X_IPAD
Compiling module X_BUF
Compiling module ffsrce
Compiling module X_FF
Compiling module X_INV
Compiling module X_ZERO
Compiling module X_ONE
Compiling module X_BPAD
Compiling module X_TRI
Compiling module X_OPAD
Compiling module X_XOR2
Compiling module X_AND2
Compiling module X_AND3
Compiling module X_AND32
Compiling module X_OR2
Compiling module X_AND4
Compiling module X_AND5
Compiling module X_OR16
Compiling module X_OR4
Compiling module X_AND16
Compiling module latchsre
Compiling module X_LATCHE
Compiling module X_FF(INIT=1'b1)
Compiling module X_AND6
Compiling module X_OR32
Compiling module X_AND7
Compiling module X_OR5
Compiling module X_AND8
Compiling module X_OR8
Compiling module X_OR6
Compiling module fsm_xp_top
Compiling package standard
Compiling package std_logic_1164
Compiling package vl_types
Compiling architecture behavior of entity test1
Time Resolution for simulation is 1ps.
Waiting for 28 sub-compilation(s) to finish...
Compiled 4 VHDL Units
Compiled 32 Verilog Units
Built simulation executable D:/MILOS/Projects/ATLAS_XP2v5/ATLAS_XP2v5_VHDL/ATLAS_XP2V3v1.2/test1_isim_fit.exe
Fuse Memory Usage: 47460 KB
Fuse CPU Usage: 998 ms
