

CONTINUITY ERRORS REPORT -- MB01_pads_eco_from_PCB2.pcb -- Mon Apr 24 10:18:32 2017



Isolated subnets for: +5V

*** subnet # 1
 R3.1

*** subnet # 2
 R4.1

*** subnet # 3
 R2.1

*** subnet # 4
 R5.1

*** subnet # 5
 ZD1.K

*** subnet # 6
 J2A.16

*** subnet # 7
 J11A.19

*** subnet # 8
 J11A.17

*** subnet # 9
 J12A.16

*** subnet # 10
 J12A.17

*** subnet # 11
 J12A.19

*** subnet # 12
 J13A.18

*** subnet # 13
 J13A.19

*** subnet # 14
 J14A.16

*** subnet # 15
 J14A.18

*** subnet # 16
 J14A.19

*** subnet # 17
 J6A.18

*** subnet # 18
 J6A.16

*** subnet # 19
 J7A.17

*** subnet # 20
 J7A.18

*** subnet # 21
 J8A.16

*** subnet # 22
 J8A.17

*** subnet # 23
 J8A.18

*** subnet # 24
 J9A.19

*** subnet # 25
 J10A.16

*** subnet # 26
 J10A.19

*** subnet # 27
 J5A.18

*** subnet # 28
 J4A.17

*** subnet # 29
 J4A.16

*** subnet # 30
 J3A.17

*** subnet # 31
 HATCH OUTLINE(16458,3428.83 L4) J1C.2 J1C.1 J1A.2 J1A.1 J3C.1 J3C.2 J3A.1 J3A.2 J4C.1 J4C.2 J4A.1 J4A.2 J5C.1 J5C.2 J5A.1 J5A.2 J10A.2 J10A.1 J10C.2 J10C.1 J9A.2 J9A.1 J9C.2 J9C.1 J8A.2 J8A.1 J8C.2 J8C.1 J7A.2 J7A.1 J7C.2 J7C.1 J6C.1 J6C.2 J6A.1 J6A.2 J14A.2 J14A.1 J14C.2 J14C.1 J13A.2 J13A.1 J13C.2 J13C.1 J12A.2 J12A.1 J12C.2 J12C.1 J11C.1 J11C.2 J11A.1 J11A.2 J2A.1 J2A.2 C1.1 C3.1 C5.1 C7.1 C9.1 C11.1 C13.1 C15.1 C17.1 C19.1 C21.1 C23.1 J2C.1 C25.1 J2C.2

