Importer Log Report
Project : ATLAS_XP2V5.PrjPcb

Section : Document - D:\MILOS\Projects\ATLAS_XP2v5\ATLAS_XP2v5_SCH\Atlas_XP2V5_SCH_Altium\ATLAS_XP2V5.txt
    Section : Load Messages
        Error   : Error, expected keyword: 'ASSOCIATED_NET' in line: 514
        Error   : Error, expected keyword: 'DATA' in line: 514
        Error   : Layer information out of range for ruleset :(2) in line: 592
        Error   : Layer information out of range for ruleset :(2) in line: 593
        Error   : Layer information out of range for ruleset :(2) in line: 594
        Error   : Layer information out of range for ruleset :(2) in line: 595
        Warning : Optional alphanumeric pin map is missing for part type $OSR_SYMS.  Default pin numbers are assigned.
        Warning : Optional alphanumeric pin map is missing for part type $GND_SYMS.  Default pin numbers are assigned.
        Warning : Optional alphanumeric pin map is missing for part type $PWR_SYMS.  Default pin numbers are assigned.
        Warning : Optional alphanumeric pin map is missing for part type R.  Default pin numbers are assigned.
        Warning : Optional alphanumeric pin map is missing for part type RESAR_IS_4/SM.  Default pin numbers are assigned.
        Warning : Optional alphanumeric pin map is missing for part type RESISTOR_2.  Default pin numbers are assigned.
        Warning : Optional alphanumeric pin map is missing for part type HEADER_6X2.  Default pin numbers are assigned.
        Warning : Optional alphanumeric pin map is missing for part type LTV-817_0.  Default pin numbers are assigned.
        Warning : Optional alphanumeric pin map is missing for part type C.  Default pin numbers are assigned.
        Warning : Optional alphanumeric pin map is missing for part type DIODE_ZENER_0.  Default pin numbers are assigned.
        Warning : Optional alphanumeric pin map is missing for part type HNMODUL0505.  Default pin numbers are assigned.
        Warning : Optional alphanumeric pin map is missing for part type 75176.  Default pin numbers are assigned.
        Warning : Optional alphanumeric pin map is missing for part type 74HC123_0.  Default pin numbers are assigned.
        Warning : Optional alphanumeric pin map is missing for part type HEADER_2.  Default pin numbers are assigned.
        Warning : Optional alphanumeric pin map is missing for part type TRANZORB_0.  Default pin numbers are assigned.
        Warning : Optional alphanumeric pin map is missing for part type $OSR_SYMS.  Default pin numbers are assigned.
        Warning : Optional alphanumeric pin map is missing for part type $GND_SYMS.  Default pin numbers are assigned.
        Warning : Optional alphanumeric pin map is missing for part type $PWR_SYMS.  Default pin numbers are assigned.
        Warning : Optional alphanumeric pin map is missing for part type SW_SPST_0.  Default pin numbers are assigned.
        Warning : Optional alphanumeric pin map is missing for part type VICOR.  Default pin numbers are assigned.
        Warning : Optional alphanumeric pin map is missing for part type TRANZORB_0.  Default pin numbers are assigned.
        Warning : Optional alphanumeric pin map is missing for part type RESISTOR.  Default pin numbers are assigned.
        Warning : Optional alphanumeric pin map is missing for part type DIODE_SCHOTTKY_0.  Default pin numbers are assigned.
        Warning : Optional alphanumeric pin map is missing for part type 8_REGLETA_4.  Default pin numbers are assigned.
        Warning : Optional alphanumeric pin map is missing for part type FUSE.  Default pin numbers are assigned.
        Warning : Optional alphanumeric pin map is missing for part type B2S_0.  Default pin numbers are assigned.
        Warning : Optional alphanumeric pin map is missing for part type R.  Default pin numbers are assigned.
        Warning : Optional alphanumeric pin map is missing for part type C_3.  Default pin numbers are assigned.
        Warning : Optional alphanumeric pin map is missing for part type TPS2410_1.  Default pin numbers are assigned.
        Warning : Optional alphanumeric pin map is missing for part type IRF3415_BODY.  Default pin numbers are assigned.
        Warning : Optional alphanumeric pin map is missing for part type $OSR_SYMS.  Default pin numbers are assigned.
        Warning : Optional alphanumeric pin map is missing for part type $GND_SYMS.  Default pin numbers are assigned.
        Warning : Optional alphanumeric pin map is missing for part type $PWR_SYMS.  Default pin numbers are assigned.
        Warning : Optional alphanumeric pin map is missing for part type C.  Default pin numbers are assigned.
        Warning : Optional alphanumeric pin map is missing for part type CONN_FLEX_16/SM.  Default pin numbers are assigned.
        Warning : Optional alphanumeric pin map is missing for part type C_4.  Default pin numbers are assigned.
        Warning : Optional alphanumeric pin map is missing for part type RESISTOR_2.  Default pin numbers are assigned.
        Warning : Optional alphanumeric pin map is missing for part type R.  Default pin numbers are assigned.
        Warning : Optional alphanumeric pin map is missing for part type NAPAJANE_RUPA.  Default pin numbers are assigned.
        Warning : Optional alphanumeric pin map is missing for part type XCR3256XL-TQ208.  Default pin numbers are assigned.
        Warning : Optional alphanumeric pin map is missing for part type HEADER_2/SM.  Default pin numbers are assigned.
        Warning : Optional alphanumeric pin map is missing for part type RESAR_IS_4/SM.  Default pin numbers are assigned.
        Warning : Optional alphanumeric pin map is missing for part type CLK_GEN33.  Default pin numbers are assigned.
        Warning : Optional alphanumeric pin map is missing for part type LED8X1.  Default pin numbers are assigned.
        Warning : Optional alphanumeric pin map is missing for part type DIODE_ZENER_1.  Default pin numbers are assigned.
        Warning : Optional alphanumeric pin map is missing for part type LM3940-3_3V.  Default pin numbers are assigned.
        Warning : Optional alphanumeric pin map is missing for part type SW_DIP-8.  Default pin numbers are assigned.
        Warning : Optional alphanumeric pin map is missing for part type MTHOLE_IZVLAKAC.  Default pin numbers are assigned.
        Warning : Optional alphanumeric pin map is missing for part type FIDUCIAL_PADS.  Default pin numbers are assigned.
        Warning : Optional alphanumeric pin map is missing for part type $OSR_SYMS.  Default pin numbers are assigned.
        Warning : Optional alphanumeric pin map is missing for part type $GND_SYMS.  Default pin numbers are assigned.
        Warning : Optional alphanumeric pin map is missing for part type $PWR_SYMS.  Default pin numbers are assigned.
        Warning : Optional alphanumeric pin map is missing for part type 74HCT123_1.  Default pin numbers are assigned.
        Warning : Optional alphanumeric pin map is missing for part type HEADER_2.  Default pin numbers are assigned.
        Warning : Optional alphanumeric pin map is missing for part type B2S_0.  Default pin numbers are assigned.
        Warning : Optional alphanumeric pin map is missing for part type SWITCH_BOJKE.  Default pin numbers are assigned.
        Warning : Optional alphanumeric pin map is missing for part type RESISTOR_2.  Default pin numbers are assigned.
        Warning : Optional alphanumeric pin map is missing for part type 8_HEADER.  Default pin numbers are assigned.
        Warning : Optional alphanumeric pin map is missing for part type LTV-817.  Default pin numbers are assigned.
        Warning : Optional alphanumeric pin map is missing for part type RESAR_IS_4/SM.  Default pin numbers are assigned.
        Warning : Optional alphanumeric pin map is missing for part type C_2.  Default pin numbers are assigned.
        Warning : Optional alphanumeric pin map is missing for part type $OSR_SYMS.  Default pin numbers are assigned.
        Warning : Optional alphanumeric pin map is missing for part type $GND_SYMS.  Default pin numbers are assigned.
        Warning : Optional alphanumeric pin map is missing for part type $PWR_SYMS.  Default pin numbers are assigned.
        Warning : Optional alphanumeric pin map is missing for part type C.  Default pin numbers are assigned.
        Warning : Optional alphanumeric pin map is missing for part type DS1265W.  Default pin numbers are assigned.
        Warning : Optional alphanumeric pin map is missing for part type MAX825_T.  Default pin numbers are assigned.
        Warning : Optional alphanumeric pin map is missing for part type $OSR_SYMS.  Default pin numbers are assigned.
        Warning : Optional alphanumeric pin map is missing for part type $GND_SYMS.  Default pin numbers are assigned.
        Warning : Optional alphanumeric pin map is missing for part type $PWR_SYMS.  Default pin numbers are assigned.
    EndSection

    Section : Import Messages
    EndSection
EndSection
