Removed Pin From Net: NetName=DATA_ISA7 Pin=J10-A2
Removed Pin From Net: NetName=DATA_ISA6 Pin=J10-A3
Removed Pin From Net: NetName=DATA_ISA5 Pin=J10-A4
Removed Pin From Net: NetName=DATA_ISA4 Pin=J10-A5
Removed Pin From Net: NetName=DATA_ISA3 Pin=J10-A6
Removed Pin From Net: NetName=DATA_ISA2 Pin=J10-A7
Removed Pin From Net: NetName=DATA_ISA1 Pin=J10-A8
Removed Pin From Net: NetName=DATA_ISA0 Pin=J10-A9
Removed Pin From Net: NetName=AEN Pin=J10-A11
Removed Pin From Net: NetName=LA19 Pin=J10-A12
Removed Pin From Net: NetName=LA18 Pin=J10-A13
Removed Pin From Net: NetName=LA17 Pin=J10-A14
Removed Pin From Net: NetName=SA16 Pin=J10-A15
Removed Pin From Net: NetName=SA15 Pin=J10-A16
Removed Pin From Net: NetName=SA14 Pin=J10-A17
Removed Pin From Net: NetName=SA13 Pin=J10-A18
Removed Pin From Net: NetName=SA12 Pin=J10-A19
Removed Pin From Net: NetName=SA11 Pin=J10-A20
Removed Pin From Net: NetName=SA10 Pin=J10-A21
Removed Pin From Net: NetName=SA9 Pin=J10-A22
Removed Pin From Net: NetName=SA8 Pin=J10-A23
Removed Pin From Net: NetName=SA7 Pin=J10-A24
Removed Pin From Net: NetName=SA6 Pin=J10-A25
Removed Pin From Net: NetName=SA5 Pin=J10-A26
Removed Pin From Net: NetName=SA4 Pin=J10-A27
Removed Pin From Net: NetName=SA2 Pin=J10-A29
Removed Pin From Net: NetName=SA1 Pin=J10-A30
Removed Pin From Net: NetName=SA0 Pin=J10-A31
Removed Pin From Net: NetName=GND Pin=J10-A32
Removed Pin From Net: NetName=GND Pin=J10-B1
Removed Pin From Net: NetName=RES_DRV Pin=J10-B2
Removed Pin From Net: NetName=VCC_+5V Pin=J10-B3
Removed Pin From Net: NetName=IRQ9 Pin=J10-B4
Removed Pin From Net: NetName=GND Pin=J10-B10
Removed Pin From Net: NetName=SMEMW Pin=J10-B11
Removed Pin From Net: NetName=SMEMR Pin=J10-B12
Removed Pin From Net: NetName=IOWR Pin=J10-B13
Removed Pin From Net: NetName=IORD Pin=J10-B14
Removed Pin From Net: NetName=ALE Pin=J10-B28
Removed Pin From Net: NetName=VCC_+5V Pin=J10-B29
Removed Pin From Net: NetName=GND Pin=J10-B31
Removed Pin From Net: NetName=GND Pin=J10-B32
Removed Pin From Net: NetName=GND Pin=J10-C0
Removed Pin From Net: NetName=SBHE Pin=J10-C1
Removed Pin From Net: NetName=LA23 Pin=J10-C2
Removed Pin From Net: NetName=LA22 Pin=J10-C3
Removed Pin From Net: NetName=LA21 Pin=J10-C4
Removed Pin From Net: NetName=LA20 Pin=J10-C5
Removed Pin From Net: NetName=DATA_ISA8 Pin=J10-C11
Removed Pin From Net: NetName=DATA_ISA9 Pin=J10-C12
Removed Pin From Net: NetName=DATA_ISA10 Pin=J10-C13
Removed Pin From Net: NetName=DATA_ISA11 Pin=J10-C14
Removed Pin From Net: NetName=DATA_ISA12 Pin=J10-C15
Removed Pin From Net: NetName=DATA_ISA13 Pin=J10-C16
Removed Pin From Net: NetName=DATA_ISA14 Pin=J10-C17
Removed Pin From Net: NetName=DATA_ISA15 Pin=J10-C18
Removed Pin From Net: NetName=GND Pin=J10-C19
Removed Pin From Net: NetName=GND Pin=J10-D0
Removed Pin From Net: NetName=IOCS16 Pin=J10-D2
Removed Pin From Net: NetName=IRQ10 Pin=J10-D3
Removed Pin From Net: NetName=IRQ11 Pin=J10-D4
Removed Pin From Net: NetName=IRQ12 Pin=J10-D5
Removed Pin From Net: NetName=IRQ15 Pin=J10-D6
Removed Pin From Net: NetName=IRQ14 Pin=J10-D7
Removed Pin From Net: NetName=VCC_+5V Pin=J10-D16
Removed Pin From Net: NetName=GND Pin=J10-D18
Removed Pin From Net: NetName=GND Pin=J10-D19
Change Component DesignItemId : Designator=J2 Old DesignItemId= New DesignItemId=8_HEADER
Change Component DesignItemId : Designator=REG1 Old DesignItemId= New DesignItemId=8_REGLETA_4
Change Component DesignItemId : Designator=US3 Old DesignItemId= New DesignItemId=74HC123_0
Change Component DesignItemId : Designator=U1 Old DesignItemId= New DesignItemId=74HCT123_1
Change Component DesignItemId : Designator=US2 Old DesignItemId= New DesignItemId=75176
Change Component DesignItemId : Designator=J3 Old DesignItemId= New DesignItemId=B2S_0
Change Component DesignItemId : Designator=J4 Old DesignItemId= New DesignItemId=B2S_0
Change Component DesignItemId : Designator=J5 Old DesignItemId= New DesignItemId=B2S_0
Change Component DesignItemId : Designator=J6 Old DesignItemId= New DesignItemId=B2S_0
Change Component DesignItemId : Designator=J7 Old DesignItemId= New DesignItemId=B2S_0
Change Component DesignItemId : Designator=J8 Old DesignItemId= New DesignItemId=B2S_0
Change Component DesignItemId : Designator=J15 Old DesignItemId= New DesignItemId=B2S_0
Change Component DesignItemId : Designator=C1 Old DesignItemId= New DesignItemId=C
Change Component DesignItemId : Designator=C2 Old DesignItemId= New DesignItemId=C
Change Component DesignItemId : Designator=C6 Old DesignItemId= New DesignItemId=C
Change Component DesignItemId : Designator=C7 Old DesignItemId= New DesignItemId=C
Change Component DesignItemId : Designator=C9 Old DesignItemId= New DesignItemId=C
Change Component DesignItemId : Designator=C13 Old DesignItemId= New DesignItemId=C
Change Component DesignItemId : Designator=C14 Old DesignItemId= New DesignItemId=C
Change Component DesignItemId : Designator=C15 Old DesignItemId= New DesignItemId=C
Change Component DesignItemId : Designator=C16 Old DesignItemId= New DesignItemId=C
Change Component DesignItemId : Designator=C17 Old DesignItemId= New DesignItemId=C
Change Component DesignItemId : Designator=C18 Old DesignItemId= New DesignItemId=C
Change Component DesignItemId : Designator=C19 Old DesignItemId= New DesignItemId=C
Change Component DesignItemId : Designator=C20 Old DesignItemId= New DesignItemId=C
Change Component DesignItemId : Designator=C21 Old DesignItemId= New DesignItemId=C
Change Component DesignItemId : Designator=C22 Old DesignItemId= New DesignItemId=C
Change Component DesignItemId : Designator=C23 Old DesignItemId= New DesignItemId=C
Change Component DesignItemId : Designator=C24 Old DesignItemId= New DesignItemId=C
Change Component DesignItemId : Designator=C25 Old DesignItemId= New DesignItemId=C
Change Component DesignItemId : Designator=C26 Old DesignItemId= New DesignItemId=C
Change Component DesignItemId : Designator=C27 Old DesignItemId= New DesignItemId=C
Change Component DesignItemId : Designator=C28 Old DesignItemId= New DesignItemId=C
Change Component DesignItemId : Designator=C29 Old DesignItemId= New DesignItemId=C
Change Component DesignItemId : Designator=C30 Old DesignItemId= New DesignItemId=C
Change Component DesignItemId : Designator=C31 Old DesignItemId= New DesignItemId=C
Change Component DesignItemId : Designator=C32 Old DesignItemId= New DesignItemId=C
Change Component DesignItemId : Designator=C33 Old DesignItemId= New DesignItemId=C
Change Component DesignItemId : Designator=C34 Old DesignItemId= New DesignItemId=C
Change Component DesignItemId : Designator=C35 Old DesignItemId= New DesignItemId=C
Change Component DesignItemId : Designator=C36 Old DesignItemId= New DesignItemId=C
Change Component DesignItemId : Designator=C37 Old DesignItemId= New DesignItemId=C
Change Component DesignItemId : Designator=C38 Old DesignItemId= New DesignItemId=C
Change Component DesignItemId : Designator=C39 Old DesignItemId= New DesignItemId=C
Change Component DesignItemId : Designator=C46 Old DesignItemId= New DesignItemId=C
Change Component DesignItemId : Designator=C47 Old DesignItemId= New DesignItemId=C
Change Component DesignItemId : Designator=C48 Old DesignItemId= New DesignItemId=C
Change Component DesignItemId : Designator=C49 Old DesignItemId= New DesignItemId=C
Change Component DesignItemId : Designator=C10 Old DesignItemId= New DesignItemId=C_2
Change Component DesignItemId : Designator=C11 Old DesignItemId= New DesignItemId=C_2
Change Component DesignItemId : Designator=C12 Old DesignItemId= New DesignItemId=C_2
Change Component DesignItemId : Designator=C43 Old DesignItemId= New DesignItemId=C_3
Change Component DesignItemId : Designator=C44 Old DesignItemId= New DesignItemId=C_3
Change Component DesignItemId : Designator=C45 Old DesignItemId= New DesignItemId=C_3
Change Component DesignItemId : Designator=C40 Old DesignItemId= New DesignItemId=C_4
Change Component DesignItemId : Designator=C41 Old DesignItemId= New DesignItemId=C_4
Change Component DesignItemId : Designator=C42 Old DesignItemId= New DesignItemId=C_4
Change Component DesignItemId : Designator=C50 Old DesignItemId= New DesignItemId=C_4
Change Component DesignItemId : Designator=U12 Old DesignItemId= New DesignItemId=CLK_GEN33
Change Component DesignItemId : Designator=J14 Old DesignItemId= New DesignItemId=CONN_FLEX_16/SM
Change Component DesignItemId : Designator=J16 Old DesignItemId= New DesignItemId=DIN_96_ABC-R
Change Component DesignItemId : Designator=J17 Old DesignItemId= New DesignItemId=DIN_96_ABC-R
Change Component DesignItemId : Designator=D1 Old DesignItemId= New DesignItemId=DIODE_SCHOTTKY_0
Change Component DesignItemId : Designator=ZD2 Old DesignItemId= New DesignItemId=DIODE_ZENER_0
Change Component DesignItemId : Designator=ZD3 Old DesignItemId= New DesignItemId=DIODE_ZENER_0
Change Component DesignItemId : Designator=D4 Old DesignItemId= New DesignItemId=DIODE_ZENER_1
Change Component DesignItemId : Designator=U15 Old DesignItemId= New DesignItemId=DS1265W
Change Component DesignItemId : Designator=UR5 Old DesignItemId= New DesignItemId=FIDUCIAL_PADS
Change Component DesignItemId : Designator=UR6 Old DesignItemId= New DesignItemId=FIDUCIAL_PADS
Change Component DesignItemId : Designator=UR7 Old DesignItemId= New DesignItemId=FIDUCIAL_PADS
Change Component DesignItemId : Designator=UR8 Old DesignItemId= New DesignItemId=FIDUCIAL_PADS
Change Component DesignItemId : Designator=UR9 Old DesignItemId= New DesignItemId=FIDUCIAL_PADS
Change Component DesignItemId : Designator=UR10 Old DesignItemId= New DesignItemId=FIDUCIAL_PADS
Change Component DesignItemId : Designator=UR11 Old DesignItemId= New DesignItemId=FIDUCIAL_PADS
Change Component DesignItemId : Designator=UR12 Old DesignItemId= New DesignItemId=FIDUCIAL_PADS
Change Component DesignItemId : Designator=SI1 Old DesignItemId= New DesignItemId=FUSE
Change Component DesignItemId : Designator=J11 Old DesignItemId= New DesignItemId=HEADER_2/SM
Change Component DesignItemId : Designator=J13 Old DesignItemId= New DesignItemId=HEADER_2/SM
Change Component DesignItemId : Designator=J18 Old DesignItemId= New DesignItemId=HEADER_2/SM
Change Component DesignItemId : Designator=JP4 Old DesignItemId= New DesignItemId=HEADER_2
Change Component DesignItemId : Designator=JP5 Old DesignItemId= New DesignItemId=HEADER_2
Change Component DesignItemId : Designator=JP6 Old DesignItemId= New DesignItemId=HEADER_2
Change Component DesignItemId : Designator=JP1 Old DesignItemId= New DesignItemId=HEADER_6X2
Change Component DesignItemId : Designator=JP2 Old DesignItemId= New DesignItemId=HEADER_6X2
Change Component DesignItemId : Designator=US1 Old DesignItemId= New DesignItemId=HNMODUL0505
Change Component DesignItemId : Designator=M1 Old DesignItemId= New DesignItemId=IRF3415_BODY
Change Component DesignItemId : Designator=U13 Old DesignItemId= New DesignItemId=LED8X1
Change Component DesignItemId : Designator=STB1 Old DesignItemId= New DesignItemId=LM3940-3_3V
Change Component DesignItemId : Designator=U10 Old DesignItemId= New DesignItemId=LTV-817
Change Component DesignItemId : Designator=U2 Old DesignItemId= New DesignItemId=LTV-817_0
Change Component DesignItemId : Designator=U16 Old DesignItemId= New DesignItemId=MAX825_T
Change Component DesignItemId : Designator=U4 Old DesignItemId= New DesignItemId=MTHOLE_IZVLAKAC
Change Component DesignItemId : Designator=U5 Old DesignItemId= New DesignItemId=MTHOLE_IZVLAKAC
Change Component DesignItemId : Designator=UR1 Old DesignItemId= New DesignItemId=NAPAJANE_RUPA
Change Component DesignItemId : Designator=UR2 Old DesignItemId= New DesignItemId=NAPAJANE_RUPA
Change Component DesignItemId : Designator=UR3 Old DesignItemId= New DesignItemId=NAPAJANE_RUPA
Change Component DesignItemId : Designator=UR4 Old DesignItemId= New DesignItemId=NAPAJANE_RUPA
Change Component DesignItemId : Designator=R17 Old DesignItemId= New DesignItemId=R
Change Component DesignItemId : Designator=R18 Old DesignItemId= New DesignItemId=R
Change Component DesignItemId : Designator=R19 Old DesignItemId= New DesignItemId=R
Change Component DesignItemId : Designator=R20 Old DesignItemId= New DesignItemId=R
Change Component DesignItemId : Designator=R21 Old DesignItemId= New DesignItemId=R
Change Component DesignItemId : Designator=R22 Old DesignItemId= New DesignItemId=R
Change Component DesignItemId : Designator=R25 Old DesignItemId= New DesignItemId=R
Change Component DesignItemId : Designator=R26 Old DesignItemId= New DesignItemId=R
Change Component DesignItemId : Designator=R27 Old DesignItemId= New DesignItemId=R
Change Component DesignItemId : Designator=R28 Old DesignItemId= New DesignItemId=R
Change Component DesignItemId : Designator=R29 Old DesignItemId= New DesignItemId=R
Change Component DesignItemId : Designator=R30 Old DesignItemId= New DesignItemId=R
Change Component DesignItemId : Designator=R31 Old DesignItemId= New DesignItemId=R
Change Component DesignItemId : Designator=RN1 Old DesignItemId= New DesignItemId=RESAR_IS_4/SM
Change Component DesignItemId : Designator=RN2 Old DesignItemId= New DesignItemId=RESAR_IS_4/SM
Change Component DesignItemId : Designator=RN3 Old DesignItemId= New DesignItemId=RESAR_IS_4/SM
Change Component DesignItemId : Designator=RN4 Old DesignItemId= New DesignItemId=RESAR_IS_4/SM
Change Component DesignItemId : Designator=RN5 Old DesignItemId= New DesignItemId=RESAR_IS_4/SM
Change Component DesignItemId : Designator=RN6 Old DesignItemId= New DesignItemId=RESAR_IS_4/SM
Change Component DesignItemId : Designator=RN7 Old DesignItemId= New DesignItemId=RESAR_IS_4/SM
Change Component DesignItemId : Designator=RN8 Old DesignItemId= New DesignItemId=RESAR_IS_4/SM
Change Component DesignItemId : Designator=RN9 Old DesignItemId= New DesignItemId=RESAR_IS_4/SM
Change Component DesignItemId : Designator=RN10 Old DesignItemId= New DesignItemId=RESAR_IS_4/SM
Change Component DesignItemId : Designator=RN11 Old DesignItemId= New DesignItemId=RESAR_IS_4/SM
Change Component DesignItemId : Designator=RN12 Old DesignItemId= New DesignItemId=RESAR_IS_4/SM
Change Component DesignItemId : Designator=RN13 Old DesignItemId= New DesignItemId=RESAR_IS_4/SM
Change Component DesignItemId : Designator=RN14 Old DesignItemId= New DesignItemId=RESAR_IS_4/SM
Change Component DesignItemId : Designator=R9 Old DesignItemId= New DesignItemId=RESISTOR
Change Component DesignItemId : Designator=R1 Old DesignItemId= New DesignItemId=RESISTOR_2
Change Component DesignItemId : Designator=R2 Old DesignItemId= New DesignItemId=RESISTOR_2
Change Component DesignItemId : Designator=R3 Old DesignItemId= New DesignItemId=RESISTOR_2
Change Component DesignItemId : Designator=R4 Old DesignItemId= New DesignItemId=RESISTOR_2
Change Component DesignItemId : Designator=R5 Old DesignItemId= New DesignItemId=RESISTOR_2
Change Component DesignItemId : Designator=R6 Old DesignItemId= New DesignItemId=RESISTOR_2
Change Component DesignItemId : Designator=R7 Old DesignItemId= New DesignItemId=RESISTOR_2
Change Component DesignItemId : Designator=R12 Old DesignItemId= New DesignItemId=RESISTOR_2
Change Component DesignItemId : Designator=R13 Old DesignItemId= New DesignItemId=RESISTOR_2
Change Component DesignItemId : Designator=R14 Old DesignItemId= New DesignItemId=RESISTOR_2
Change Component DesignItemId : Designator=R15 Old DesignItemId= New DesignItemId=RESISTOR_2
Change Component DesignItemId : Designator=R16 Old DesignItemId= New DesignItemId=RESISTOR_2
Change Component DesignItemId : Designator=R23 Old DesignItemId= New DesignItemId=RESISTOR_2
Change Component DesignItemId : Designator=R24 Old DesignItemId= New DesignItemId=RESISTOR_2
Change Component DesignItemId : Designator=R32 Old DesignItemId= New DesignItemId=RESISTOR_2
Change Component DesignItemId : Designator=S2 Old DesignItemId= New DesignItemId=SW_DIP-8
Change Component DesignItemId : Designator=S1 Old DesignItemId= New DesignItemId=SW_SPST_0
Change Component DesignItemId : Designator=U8 Old DesignItemId= New DesignItemId=SWITCH_BOJKE
Change Component DesignItemId : Designator=U9 Old DesignItemId= New DesignItemId=SWITCH_BOJKE
Change Component DesignItemId : Designator=U14 Old DesignItemId= New DesignItemId=TPS2410_1
Change Component DesignItemId : Designator=D2 Old DesignItemId= New DesignItemId=TRANZORB_0
Change Component DesignItemId : Designator=D3 Old DesignItemId= New DesignItemId=TRANZORB_0
Change Component DesignItemId : Designator=U3 Old DesignItemId= New DesignItemId=VICOR
Change Component DesignItemId : Designator=U11 Old DesignItemId= New DesignItemId=XCR3256XL-TQ208
Change Component Comment : Designator=JP1 Old Comment=BLKCON.100$2F$VH$2F$TM2OE$2F$W.200$2F$12_JP1 New Comment=HEADER_6X2
Change Component Comment : Designator=JP2 Old Comment=BLKCON.100$2F$VH$2F$TM2OE$2F$W.200$2F$12_JP2 New Comment=HEADER_6X2
Change Component Comment : Designator=D4 Old Comment=BZV55-C3V3 New Comment=DIODE_ZENER_1
Change Component Comment : Designator=C42 Old Comment=CASE_B_MILOS New Comment=C_4
Change Component Comment : Designator=C41 Old Comment=CASE_D_MILOS New Comment=C_4
Change Component Comment : Designator=U12 Old Comment=CLK_GEN33_REV1_U12 New Comment=CLK_GEN33
Change Component Comment : Designator=US1 Old Comment=DCDC55 New Comment=HNMODUL0505
Change Component Comment : Designator=J16 Old Comment=DIN96_ABC$2F$R_J16 New Comment=DIN_96_ABC-R
Change Component Comment : Designator=J17 Old Comment=DIN96_ABC$2F$R_J16 New Comment=DIN_96_ABC-R
Change Component Comment : Designator=U15 Old Comment=DIP.100$2F$36$2F$W.600$2F$L1.850 New Comment=DS1265W
Change Component Comment : Designator=UR5 Old Comment=FIDUCIAL_R_TOP New Comment=FIDUCIAL_PADS
Change Component Comment : Designator=UR6 Old Comment=FIDUCIAL_R_TOP New Comment=FIDUCIAL_PADS
Change Component Comment : Designator=UR7 Old Comment=FIDUCIAL_R_TOP New Comment=FIDUCIAL_PADS
Change Component Comment : Designator=UR8 Old Comment=FIDUCIAL_R_TOP New Comment=FIDUCIAL_PADS
Change Component Comment : Designator=UR9 Old Comment=FIDUCIAL_R_TOP New Comment=FIDUCIAL_PADS
Change Component Comment : Designator=UR10 Old Comment=FIDUCIAL_R_TOP New Comment=FIDUCIAL_PADS
Change Component Comment : Designator=UR11 Old Comment=FIDUCIAL_R_TOP New Comment=FIDUCIAL_PADS
Change Component Comment : Designator=UR12 Old Comment=FIDUCIAL_R_TOP New Comment=FIDUCIAL_PADS
Change Component Comment : Designator=SI1 Old Comment=FUSEHOLDER3_SI1 New Comment=FUSE
Change Component Comment : Designator=M1 Old Comment=IRF3415_PADS_REV1 New Comment=IRF3415_BODY
Change Component Comment : Designator=J14 Old Comment=JTAG_SMD_REV2_J14 New Comment=CONN_FLEX_16/SM
Change Component Comment : Designator=J3 Old Comment=JUMPER_100_J3 New Comment=B2S_0
Change Component Comment : Designator=J4 Old Comment=JUMPER_100_J3 New Comment=B2S_0
Change Component Comment : Designator=J5 Old Comment=JUMPER_100_J3 New Comment=B2S_0
Change Component Comment : Designator=J6 Old Comment=JUMPER_100_J3 New Comment=B2S_0
Change Component Comment : Designator=J7 Old Comment=JUMPER_100_J3 New Comment=B2S_0
Change Component Comment : Designator=J8 Old Comment=JUMPER_100_J3 New Comment=B2S_0
Change Component Comment : Designator=J15 Old Comment=JUMPER_100_J3 New Comment=B2S_0
Change Component Comment : Designator=J11 Old Comment=JUMPER_100_J3 New Comment=HEADER_2/SM
Change Component Comment : Designator=J13 Old Comment=JUMPER_100_J3 New Comment=HEADER_2/SM
Change Component Comment : Designator=J18 Old Comment=JUMPER_100_J3 New Comment=HEADER_2/SM
Change Component Comment : Designator=JP4 Old Comment=JUMPER_100_J3 New Comment=HEADER_2
Change Component Comment : Designator=JP5 Old Comment=JUMPER_100_J3 New Comment=HEADER_2
Change Component Comment : Designator=JP6 Old Comment=JUMPER_100_J3 New Comment=HEADER_2
Change Component Comment : Designator=U13 Old Comment=LED_8_REV3_PADS New Comment=LED8X1
Change Component Comment : Designator=U10 Old Comment=LTV814S New Comment=LTV-817
Change Component Comment : Designator=U2 Old Comment=LTV814S New Comment=LTV-817_0
Change Component Comment : Designator=U4 Old Comment=MTH_IZVLAKAC_PADS New Comment=MTHOLE_IZVLAKAC
Change Component Comment : Designator=U5 Old Comment=MTH_IZVLAKAC_PADS New Comment=MTHOLE_IZVLAKAC
Change Component Comment : Designator=UR1 Old Comment=NAPAJANJE_RUPA_REV1 New Comment=NAPAJANE_RUPA
Change Component Comment : Designator=UR2 Old Comment=NAPAJANJE_RUPA_REV1 New Comment=NAPAJANE_RUPA
Change Component Comment : Designator=UR3 Old Comment=NAPAJANJE_RUPA_REV1 New Comment=NAPAJANE_RUPA
Change Component Comment : Designator=UR4 Old Comment=NAPAJANJE_RUPA_REV1 New Comment=NAPAJANE_RUPA
Change Component Comment : Designator=U14 Old Comment=PDSO-G14_REV7 New Comment=TPS2410_1
Change Component Comment : Designator=U11 Old Comment=QUAD.50M$2F$208$2F$WG30.60_U11 New Comment=XCR3256XL-TQ208
Change Component Comment : Designator=REG1 Old Comment=REG2_REV8_REG1 New Comment=8_REGLETA_4
Change Component Comment : Designator=C1 Old Comment=SM$2F$C_0805 New Comment=C
Change Component Comment : Designator=C2 Old Comment=SM$2F$C_0805 New Comment=C
Change Component Comment : Designator=C6 Old Comment=SM$2F$C_0805 New Comment=C
Change Component Comment : Designator=C7 Old Comment=SM$2F$C_0805 New Comment=C
Change Component Comment : Designator=C9 Old Comment=SM$2F$C_0805 New Comment=C
Change Component Comment : Designator=C13 Old Comment=SM$2F$C_0805 New Comment=C
Change Component Comment : Designator=C39 Old Comment=SM$2F$C_0805 New Comment=C
Change Component Comment : Designator=C46 Old Comment=SM$2F$C_0805 New Comment=C
Change Component Comment : Designator=C48 Old Comment=SM$2F$C_0805 New Comment=C
Change Component Comment : Designator=C49 Old Comment=SM$2F$C_0805 New Comment=C
Change Component Comment : Designator=C10 Old Comment=SM$2F$C_0805 New Comment=C_2
Change Component Comment : Designator=C11 Old Comment=SM$2F$C_0805 New Comment=C_2
Change Component Comment : Designator=C12 Old Comment=SM$2F$C_0805 New Comment=C_2
Change Component Comment : Designator=C43 Old Comment=SM$2F$C_0805 New Comment=C_3
Change Component Comment : Designator=C44 Old Comment=SM$2F$C_0805 New Comment=C_3
Change Component Comment : Designator=C45 Old Comment=SM$2F$C_0805 New Comment=C_3
Change Component Comment : Designator=C14 Old Comment=SM$2F$C_0805_C14 New Comment=C
Change Component Comment : Designator=C15 Old Comment=SM$2F$C_0805_C14 New Comment=C
Change Component Comment : Designator=C16 Old Comment=SM$2F$C_0805_C14 New Comment=C
Change Component Comment : Designator=C17 Old Comment=SM$2F$C_0805_C14 New Comment=C
Change Component Comment : Designator=C18 Old Comment=SM$2F$C_0805_C14 New Comment=C
Change Component Comment : Designator=C19 Old Comment=SM$2F$C_0805_C14 New Comment=C
Change Component Comment : Designator=C20 Old Comment=SM$2F$C_0805_C14 New Comment=C
Change Component Comment : Designator=C21 Old Comment=SM$2F$C_0805_C14 New Comment=C
Change Component Comment : Designator=C22 Old Comment=SM$2F$C_0805_C14 New Comment=C
Change Component Comment : Designator=C23 Old Comment=SM$2F$C_0805_C14 New Comment=C
Change Component Comment : Designator=C24 Old Comment=SM$2F$C_0805_C14 New Comment=C
Change Component Comment : Designator=C25 Old Comment=SM$2F$C_0805_C14 New Comment=C
Change Component Comment : Designator=C26 Old Comment=SM$2F$C_0805_C14 New Comment=C
Change Component Comment : Designator=C27 Old Comment=SM$2F$C_0805_C14 New Comment=C
Change Component Comment : Designator=C28 Old Comment=SM$2F$C_0805_C14 New Comment=C
Change Component Comment : Designator=C29 Old Comment=SM$2F$C_0805_C14 New Comment=C
Change Component Comment : Designator=C30 Old Comment=SM$2F$C_0805_C14 New Comment=C
Change Component Comment : Designator=C31 Old Comment=SM$2F$C_0805_C14 New Comment=C
Change Component Comment : Designator=C32 Old Comment=SM$2F$C_0805_C14 New Comment=C
Change Component Comment : Designator=C33 Old Comment=SM$2F$C_0805_C14 New Comment=C
Change Component Comment : Designator=C34 Old Comment=SM$2F$C_0805_C14 New Comment=C
Change Component Comment : Designator=C35 Old Comment=SM$2F$C_0805_C14 New Comment=C
Change Component Comment : Designator=C36 Old Comment=SM$2F$C_0805_C14 New Comment=C
Change Component Comment : Designator=C37 Old Comment=SM$2F$C_0805_C14 New Comment=C
Change Component Comment : Designator=C38 Old Comment=SM$2F$C_0805_C14 New Comment=C
Change Component Comment : Designator=C47 Old Comment=SM$2F$C_0805_C14 New Comment=C
Change Component Comment : Designator=C40 Old Comment=SM$2F$C_0805_C14 New Comment=C_4
Change Component Comment : Designator=C50 Old Comment=SM$2F$C_0805_C14 New Comment=C_4
Change Component Comment : Designator=ZD2 Old Comment=SM$2F$D_1206_21 New Comment=DIODE_ZENER_0
Change Component Comment : Designator=ZD3 Old Comment=SM$2F$D_1206_21 New Comment=DIODE_ZENER_0
Change Component Comment : Designator=D1 Old Comment=SM$2F$DO214AB_21 New Comment=DIODE_SCHOTTKY_0
Change Component Comment : Designator=D2 Old Comment=SM$2F$DO214AC_21 New Comment=TRANZORB_0
Change Component Comment : Designator=D3 Old Comment=SM$2F$DO214AC_21 New Comment=TRANZORB_0
Change Component Comment : Designator=R17 Old Comment=SM$2F$R_1206 New Comment=R
Change Component Comment : Designator=R18 Old Comment=SM$2F$R_1206 New Comment=R
Change Component Comment : Designator=R19 Old Comment=SM$2F$R_1206 New Comment=R
Change Component Comment : Designator=R20 Old Comment=SM$2F$R_1206 New Comment=R
Change Component Comment : Designator=R21 Old Comment=SM$2F$R_1206 New Comment=R
Change Component Comment : Designator=R22 Old Comment=SM$2F$R_1206 New Comment=R
Change Component Comment : Designator=R25 Old Comment=SM$2F$R_1206 New Comment=R
Change Component Comment : Designator=R26 Old Comment=SM$2F$R_1206 New Comment=R
Change Component Comment : Designator=R27 Old Comment=SM$2F$R_1206 New Comment=R
Change Component Comment : Designator=R28 Old Comment=SM$2F$R_1206 New Comment=R
Change Component Comment : Designator=R29 Old Comment=SM$2F$R_1206 New Comment=R
Change Component Comment : Designator=R30 Old Comment=SM$2F$R_1206 New Comment=R
Change Component Comment : Designator=R31 Old Comment=SM$2F$R_1206 New Comment=R
Change Component Comment : Designator=R1 Old Comment=SM$2F$R_1206 New Comment=RESISTOR_2
Change Component Comment : Designator=R2 Old Comment=SM$2F$R_1206 New Comment=RESISTOR_2
Change Component Comment : Designator=R3 Old Comment=SM$2F$R_1206 New Comment=RESISTOR_2
Change Component Comment : Designator=R4 Old Comment=SM$2F$R_1206 New Comment=RESISTOR_2
Change Component Comment : Designator=R5 Old Comment=SM$2F$R_1206 New Comment=RESISTOR_2
Change Component Comment : Designator=R6 Old Comment=SM$2F$R_1206 New Comment=RESISTOR_2
Change Component Comment : Designator=R7 Old Comment=SM$2F$R_1206 New Comment=RESISTOR_2
Change Component Comment : Designator=R12 Old Comment=SM$2F$R_1206 New Comment=RESISTOR_2
Change Component Comment : Designator=R13 Old Comment=SM$2F$R_1206 New Comment=RESISTOR_2
Change Component Comment : Designator=R14 Old Comment=SM$2F$R_1206 New Comment=RESISTOR_2
Change Component Comment : Designator=R15 Old Comment=SM$2F$R_1206 New Comment=RESISTOR_2
Change Component Comment : Designator=R16 Old Comment=SM$2F$R_1206 New Comment=RESISTOR_2
Change Component Comment : Designator=R23 Old Comment=SM$2F$R_1206 New Comment=RESISTOR_2
Change Component Comment : Designator=R24 Old Comment=SM$2F$R_1206 New Comment=RESISTOR_2
Change Component Comment : Designator=R32 Old Comment=SM$2F$R_1206 New Comment=RESISTOR_2
Change Component Comment : Designator=R9 Old Comment=SM$2F$R_1206_R9 New Comment=RESISTOR
Change Component Comment : Designator=S2 Old Comment=SMD_DIPSW_100 New Comment=SW_DIP-8
Change Component Comment : Designator=RN1 Old Comment=SMD_RX4 New Comment=RESAR_IS_4/SM
Change Component Comment : Designator=RN2 Old Comment=SMD_RX4 New Comment=RESAR_IS_4/SM
Change Component Comment : Designator=RN3 Old Comment=SMD_RX4 New Comment=RESAR_IS_4/SM
Change Component Comment : Designator=RN4 Old Comment=SMD_RX4 New Comment=RESAR_IS_4/SM
Change Component Comment : Designator=RN5 Old Comment=SMD_RX4 New Comment=RESAR_IS_4/SM
Change Component Comment : Designator=RN6 Old Comment=SMD_RX4 New Comment=RESAR_IS_4/SM
Change Component Comment : Designator=RN7 Old Comment=SMD_RX4 New Comment=RESAR_IS_4/SM
Change Component Comment : Designator=RN8 Old Comment=SMD_RX4 New Comment=RESAR_IS_4/SM
Change Component Comment : Designator=RN9 Old Comment=SMD_RX4 New Comment=RESAR_IS_4/SM
Change Component Comment : Designator=RN10 Old Comment=SMD_RX4 New Comment=RESAR_IS_4/SM
Change Component Comment : Designator=RN11 Old Comment=SMD_RX4 New Comment=RESAR_IS_4/SM
Change Component Comment : Designator=RN12 Old Comment=SMD_RX4 New Comment=RESAR_IS_4/SM
Change Component Comment : Designator=RN13 Old Comment=SMD_RX4 New Comment=RESAR_IS_4/SM
Change Component Comment : Designator=RN14 Old Comment=SMD_RX4 New Comment=RESAR_IS_4/SM
Change Component Comment : Designator=US2 Old Comment=SOG.050$2F$8$2F$WG.244$2F$L.225 New Comment=75176
Change Component Comment : Designator=US3 Old Comment=SOG.050$2F$16$2F$WG.244$2F$L.375 New Comment=74HC123_0
Change Component Comment : Designator=U1 Old Comment=SOG.050$2F$16$2F$WG.244$2F$L.375 New Comment=74HCT123_1
Change Component Comment : Designator=U16 Old Comment=SOT23_5_MILOS_REV4 New Comment=MAX825_T
Change Component Comment : Designator=S1 Old Comment=SW12V_REV2_S1 New Comment=SW_SPST_0
Change Component Comment : Designator=J2 Old Comment=TELE$2F$TM.420FACE$2F$8X8_J2 New Comment=8_HEADER
Change Component Comment : Designator=STB1 Old Comment=TO263AA_GND_PLANE_REV1 New Comment=LM3940-3_3V
Change Component Comment : Designator=U8 Old Comment=TP33WW080-SPST_PADS New Comment=SWITCH_BOJKE
Change Component Comment : Designator=U9 Old Comment=TP33WW080-SPST_PADS New Comment=SWITCH_BOJKE
Change Component Comment : Designator=U3 Old Comment=VIKOR1 New Comment=VICOR
Change Component Description : Designator=U8 Old Description= New Description=CW_TASTER
Change Component Description : Designator=U13 Old Description= New Description=LED8x1
Change Component Description : Designator=U9 Old Description= New Description=RST_TASTER
Change Component Description : Designator=U4 Old Description= New Description=Rupa za Rittal-ov izvlakac
Change Component Description : Designator=U5 Old Description= New Description=Rupa za Rittal-ov izvlakac
Added Component: Designator=S3(WAFER_PADS_REV2)
Added Pin To Net: NetName=DATA_MAX_BUS1 Pin=J16-A9
Added Pin To Net: NetName=DATA_MAX_BUS2 Pin=J16-A10
Added Pin To Net: NetName=DATA_MAX_BUS3 Pin=J16-A11
Added Pin To Net: NetName=VCC_+5V Pin=J16-A12
Added Pin To Net: NetName=DATA_MAX_BUS5 Pin=J16-A13
Added Pin To Net: NetName=DATA_MAX_BUS6 Pin=J16-A14
Added Pin To Net: NetName=DATA_MAX_BUS7 Pin=J16-A15
Added Pin To Net: NetName=VCC_+5V Pin=J16-B12
Added Pin To Net: NetName=VCC_+5V Pin=J16-C12
Added Pin To Net: NetName=DATA_MAX_BUS3 Pin=RN6-5
Added Pin To Net: NetName=DATA_MAX_BUS2 Pin=RN6-6
Added Pin To Net: NetName=DATA_MAX_BUS1 Pin=RN6-7
Added Pin To Net: NetName=VCC_+5V Pin=RN7-8
Added Pin To Net: NetName=DATA_MAX_BUS7 Pin=RN8-5
Added Pin To Net: NetName=DATA_MAX_BUS6 Pin=RN8-6
Added Pin To Net: NetName=DATA_MAX_BUS5 Pin=RN8-7
Added Pin To Net: NetName=VCC_+5V Pin=RN8-8
Added Pin To Net: NetName=DATA_ISA7 Pin=S3-A2
Added Pin To Net: NetName=DATA_ISA6 Pin=S3-A3
Added Pin To Net: NetName=DATA_ISA5 Pin=S3-A4
Added Pin To Net: NetName=DATA_ISA4 Pin=S3-A5
Added Pin To Net: NetName=DATA_ISA3 Pin=S3-A6
Added Pin To Net: NetName=DATA_ISA2 Pin=S3-A7
Added Pin To Net: NetName=DATA_ISA1 Pin=S3-A8
Added Pin To Net: NetName=DATA_ISA0 Pin=S3-A9
Added Pin To Net: NetName=AEN Pin=S3-A11
Added Pin To Net: NetName=LA19 Pin=S3-A12
Added Pin To Net: NetName=LA18 Pin=S3-A13
Added Pin To Net: NetName=LA17 Pin=S3-A14
Added Pin To Net: NetName=SA16 Pin=S3-A15
Added Pin To Net: NetName=SA15 Pin=S3-A16
Added Pin To Net: NetName=SA14 Pin=S3-A17
Added Pin To Net: NetName=SA13 Pin=S3-A18
Added Pin To Net: NetName=SA12 Pin=S3-A19
Added Pin To Net: NetName=SA11 Pin=S3-A20
Added Pin To Net: NetName=SA10 Pin=S3-A21
Added Pin To Net: NetName=SA9 Pin=S3-A22
Added Pin To Net: NetName=SA8 Pin=S3-A23
Added Pin To Net: NetName=SA7 Pin=S3-A24
Added Pin To Net: NetName=SA6 Pin=S3-A25
Added Pin To Net: NetName=SA5 Pin=S3-A26
Added Pin To Net: NetName=SA4 Pin=S3-A27
Added Pin To Net: NetName=RST_DOF_EN Pin=S3-A28
Added Pin To Net: NetName=SA2 Pin=S3-A29
Added Pin To Net: NetName=SA1 Pin=S3-A30
Added Pin To Net: NetName=SA0 Pin=S3-A31
Added Pin To Net: NetName=GND Pin=S3-A32
Added Pin To Net: NetName=GND Pin=S3-B1
Added Pin To Net: NetName=RES_DRV Pin=S3-B2
Added Pin To Net: NetName=VCC_+5V Pin=S3-B3
Added Pin To Net: NetName=IRQ9 Pin=S3-B4
Added Pin To Net: NetName=GND Pin=S3-B10
Added Pin To Net: NetName=SMEMW Pin=S3-B11
Added Pin To Net: NetName=SMEMR Pin=S3-B12
Added Pin To Net: NetName=IOWR Pin=S3-B13
Added Pin To Net: NetName=IORD Pin=S3-B14
Added Pin To Net: NetName=ALE Pin=S3-B28
Added Pin To Net: NetName=VCC_+5V Pin=S3-B29
Added Pin To Net: NetName=GND Pin=S3-B31
Added Pin To Net: NetName=GND Pin=S3-B32
Added Pin To Net: NetName=GND Pin=S3-C0
Added Pin To Net: NetName=SBHE Pin=S3-C1
Added Pin To Net: NetName=LA23 Pin=S3-C2
Added Pin To Net: NetName=LA22 Pin=S3-C3
Added Pin To Net: NetName=LA21 Pin=S3-C4
Added Pin To Net: NetName=LA20 Pin=S3-C5
Added Pin To Net: NetName=DATA_ISA8 Pin=S3-C11
Added Pin To Net: NetName=DATA_ISA9 Pin=S3-C12
Added Pin To Net: NetName=DATA_ISA10 Pin=S3-C13
Added Pin To Net: NetName=DATA_ISA11 Pin=S3-C14
Added Pin To Net: NetName=DATA_ISA12 Pin=S3-C15
Added Pin To Net: NetName=DATA_ISA13 Pin=S3-C16
Added Pin To Net: NetName=DATA_ISA14 Pin=S3-C17
Added Pin To Net: NetName=DATA_ISA15 Pin=S3-C18
Added Pin To Net: NetName=GND Pin=S3-C19
Added Pin To Net: NetName=GND Pin=S3-D0
Added Pin To Net: NetName=IOCS16 Pin=S3-D2
Added Pin To Net: NetName=IRQ10 Pin=S3-D3
Added Pin To Net: NetName=IRQ11 Pin=S3-D4
Added Pin To Net: NetName=IRQ12 Pin=S3-D5
Added Pin To Net: NetName=IRQ15 Pin=S3-D6
Added Pin To Net: NetName=IRQ14 Pin=S3-D7
Added Pin To Net: NetName=VCC_+5V Pin=S3-D16
Added Pin To Net: NetName=GND Pin=S3-D18
Added Pin To Net: NetName=GND Pin=S3-D19
Added Pin To Net: NetName=GND Pin=S3-MTH1
Added Pin To Net: NetName=GND Pin=S3-MTH2
Added Pin To Net: NetName=GND Pin=S3-MTH3
Added Pin To Net: NetName=GND Pin=S3-MTH4
Added Pin To Net: NetName=GND Pin=S3-MTH5
Added Pin To Net: NetName=GND Pin=S3-MTH7
Added Pin To Net: NetName=$$$31409 Pin=U1-4
Added Pin To Net: NetName=RST_DOF_EN Pin=U11-7
Added Pin To Net: NetName=$$$31409 Pin=U11-68
Change Net Name : Old Net Name=$$$9765 New Net Name=NetC44_1
Change Net Name : Old Net Name=$$$9766 New Net Name=NetM1_1
Change Net Name : Old Net Name=$$$9767 New Net Name=NetJ15_2
Change Net Name : Old Net Name=$$$9768 New Net Name=NetC43_2
Change Net Name : Old Net Name=$$$9769 New Net Name=NetR29_2
Change Net Name : Old Net Name=$$$9770 New Net Name=NetC45_2
Change Net Name : Old Net Name=$$$9819 New Net Name=NetR9_1
Change Net Name : Old Net Name=$$$9820 New Net Name=NetD1_2
Change Net Name : Old Net Name=$$$9821 New Net Name=NetS1_2
Change Net Name : Old Net Name=$$$9822 New Net Name=NetD1_1
Change Net Name : Old Net Name=$$$19729 New Net Name=NetR1_2
Change Net Name : Old Net Name=$$$19730 New Net Name=NetR6_2
Change Net Name : Old Net Name=$$$19731 New Net Name=NetR3_2
Change Net Name : Old Net Name=$$$19732 New Net Name=NetJP6_2
Change Net Name : Old Net Name=$$$19733 New Net Name=NetR3_1
Change Net Name : Old Net Name=$$$20126 New Net Name=NetC2_2
Change Net Name : Old Net Name=$$$20185 New Net Name=NetC2_1
Change Net Name : Old Net Name=$$$20553 New Net Name=NetR20_1
Change Net Name : Old Net Name=$$$20555 New Net Name=NetR21_1
Change Net Name : Old Net Name=$$$20556 New Net Name=NetR22_1
Change Net Name : Old Net Name=$$$20560 New Net Name=NetR17_1
Change Net Name : Old Net Name=$$$20561 New Net Name=NetR18_1
Change Net Name : Old Net Name=$$$20562 New Net Name=NetR19_1
Change Net Name : Old Net Name=$$$24977 New Net Name=NetR24_1
Change Net Name : Old Net Name=$$$24979 New Net Name=NetR23_1
Change Net Name : Old Net Name=$$$31333 New Net Name=NetRN9_7
Change Net Name : Old Net Name=$$$31334 New Net Name=NetC12_2
Change Net Name : Old Net Name=$$$31335 New Net Name=NetC11_2
Change Net Name : Old Net Name=$$$31336 New Net Name=NetC12_1
Change Net Name : Old Net Name=$$$31337 New Net Name=NetR16_2
Change Net Name : Old Net Name=$$$31338 New Net Name=NetU1_9
Change Net Name : Old Net Name=$$$31339 New Net Name=NetC11_1
Change Net Name : Old Net Name=$$$31340 New Net Name=NetJ2_8
Change Net Name : Old Net Name=$$$31341 New Net Name=NetJ2_7
Change Net Name : Old Net Name=$$$31409 New Net Name=WDT_SIG_STARI
Change Net Name : Old Net Name=$$$32455 New Net Name=NetC49_1
Change Net Name : Old Net Name=VCC_+5V New Net Name=DATA_MAX_BUS4
Added Pin To Net: NetName=ADDRESS_MAX0 Pin=U11-153
Added Net: Name=ADDRESS_MAX0
Added Pin To Net: NetName=ADDRESS_MAX1 Pin=U11-154
Added Net: Name=ADDRESS_MAX1
Added Pin To Net: NetName=ADDRESS_MAX2 Pin=U11-159
Added Net: Name=ADDRESS_MAX2
Added Pin To Net: NetName=ADDRESS_MAX3 Pin=U11-160
Added Net: Name=ADDRESS_MAX3
Added Pin To Net: NetName=ADDRESS_MAX4 Pin=U11-161
Added Net: Name=ADDRESS_MAX4
Added Pin To Net: NetName=ADDRESS_MAX5 Pin=U11-162
Added Net: Name=ADDRESS_MAX5
Added Pin To Net: NetName=ADDRESS_MAX6 Pin=U11-163
Added Net: Name=ADDRESS_MAX6
Added Pin To Net: NetName=ADDRESS_MAX7 Pin=U11-164
Added Net: Name=ADDRESS_MAX7
Added Pin To Net: NetName=DATA_MAX0 Pin=U11-39
Added Net: Name=DATA_MAX0
Added Pin To Net: NetName=DATA_MAX1 Pin=U11-40
Added Net: Name=DATA_MAX1
Added Pin To Net: NetName=DATA_MAX2 Pin=U11-42
Added Net: Name=DATA_MAX2
Added Pin To Net: NetName=DATA_MAX3 Pin=U11-43
Added Net: Name=DATA_MAX3
Added Pin To Net: NetName=DATA_MAX4 Pin=U11-44
Added Net: Name=DATA_MAX4
Added Pin To Net: NetName=DATA_MAX5 Pin=U11-45
Added Net: Name=DATA_MAX5
Added Pin To Net: NetName=DATA_MAX6 Pin=U11-46
Added Net: Name=DATA_MAX6
Added Pin To Net: NetName=DATA_MAX7 Pin=U11-47
Added Net: Name=DATA_MAX7
Added Pin To Net: NetName=DATA_MAX8 Pin=U11-48
Added Net: Name=DATA_MAX8
Added Pin To Net: NetName=DATA_MAX9 Pin=U11-49
Added Net: Name=DATA_MAX9
Added Pin To Net: NetName=DATA_MAX10 Pin=U11-59
Added Net: Name=DATA_MAX10
Added Pin To Net: NetName=DATA_MAX11 Pin=U11-60
Added Net: Name=DATA_MAX11
Added Pin To Net: NetName=DATA_MAX12 Pin=U11-61
Added Net: Name=DATA_MAX12
Added Pin To Net: NetName=DATA_MAX13 Pin=U11-62
Added Net: Name=DATA_MAX13
Added Pin To Net: NetName=DATA_MAX14 Pin=U11-64
Added Net: Name=DATA_MAX14
Added Pin To Net: NetName=DATA_MAX15 Pin=U11-65
Added Net: Name=DATA_MAX15
Added Pin To Net: NetName=STAT1 Pin=U14-3
Added Net: Name=STAT1
Added Class: Name=ATLAS_XP2V5.Sheet 5
Added Class: Name=ISA_XILINX
Added Class: Name=MAX_BUS
Added Class: Name=POWER_SUPPLY
Added Class: Name=WDT_TASTERI_M_S
Added Room: Name=ATLAS_XP2V5.Sheet 5
Added Room: Name=ISA_XILINX
Added Room: Name=MAX_BUS
Added Room: Name=POWER_SUPPLY
Added Room: Name=WDT_TASTERI_M_S
